#
# There is insufficient memory for the Java Runtime Environment to continue.
# Native memory allocation (malloc) failed to allocate 1768336 bytes. Error detail: Chunk::new
# Possible reasons:
#   The system is out of physical RAM or swap space
#   This process is running with CompressedOops enabled, and the Java Heap may be blocking the growth of the native heap
# Possible solutions:
#   Reduce memory load on the system
#   Increase physical memory or swap space
#   Check if swap backing store is full
#   Decrease Java heap size (-Xmx/-Xms)
#   Decrease number of Java threads
#   Decrease Java thread stack sizes (-Xss)
#   Set larger code cache with -XX:ReservedCodeCacheSize=
#   JVM is running with Unscaled Compressed Oops mode in which the Java heap is
#     placed in the first 4GB address space. The Java Heap base address is the
#     maximum limit for the native heap growth. Please use -XX:HeapBaseMinAddress
#     to set the Java Heap base and to place the Java Heap above 4GB virtual address.
# This output file may be truncated or incomplete.
#
#  Out of Memory Error (arena.cpp:168), pid=12968, tid=41172
#
# JRE version: OpenJDK Runtime Environment Temurin-21.0.8+9 (21.0.8+9) (build 21.0.8+9-LTS)
# Java VM: OpenJDK 64-Bit Server VM Temurin-21.0.8+9 (21.0.8+9-LTS, mixed mode, sharing, tiered, compressed oops, compressed class ptrs, parallel gc, windows-amd64)
# No core dump will be written. Minidumps are not enabled by default on client versions of Windows
#

---------------  S U M M A R Y ------------

Command Line: --add-modules=ALL-SYSTEM --add-opens=java.base/java.util=ALL-UNNAMED --add-opens=java.base/java.lang=ALL-UNNAMED --add-opens=java.base/sun.nio.fs=ALL-UNNAMED -Declipse.application=org.eclipse.jdt.ls.core.id1 -Dosgi.bundles.defaultStartLevel=4 -Declipse.product=org.eclipse.jdt.ls.core.product -Djava.import.generatesMetadataFilesAtProjectRoot=false -DDetectVMInstallationsJob.disabled=true -Dfile.encoding=utf8 -XX:+UseParallelGC -XX:GCTimeRatio=4 -XX:AdaptiveSizePolicyWeight=90 -Dsun.zip.disableMemoryMapping=true -Xmx2G -Xms100m -Xlog:disable -javaagent:c:\Users\dell\.vscode\extensions\redhat.java-1.46.0-win32-x64\lombok\lombok-1.18.39-4050.jar -XX:+HeapDumpOnOutOfMemoryError -XX:HeapDumpPath=c:\Users\dell\AppData\Roaming\Code\User\workspaceStorage\a2633e6298ef981e4196ce54b3c42e0d\redhat.java -Daether.dependencyCollector.impl=bf c:\Users\dell\.vscode\extensions\redhat.java-1.46.0-win32-x64\server\plugins\org.eclipse.equinox.launcher_1.7.0.v20250519-0528.jar -configuration c:\Users\dell\AppData\Roaming\Code\User\globalStorage\redhat.java\1.46.0\config_win -data c:\Users\dell\AppData\Roaming\Code\User\workspaceStorage\a2633e6298ef981e4196ce54b3c42e0d\redhat.java\jdt_ws --pipe=\\.\pipe\lsp-fe1455f9aedd838cfd1c8d56a8dafe3b-sock

Host: Intel(R) Core(TM) i7-8850H CPU @ 2.60GHz, 12 cores, 15G,  Windows 11 , 64 bit Build 26100 (10.0.26100.6725)
Time: Thu Oct 23 19:36:09 2025 Egypt Daylight Time elapsed time: 1305.221818 seconds (0d 0h 21m 45s)

---------------  T H R E A D  ---------------

Current thread (0x0000019f04abfeb0):  JavaThread "C2 CompilerThread0" daemon [_thread_in_native, id=41172, stack(0x000000682e600000,0x000000682e700000) (1024K)]


Current CompileTask:
C2:1305221 22837       4       org.eclipse.jdt.internal.compiler.parser.Parser::consumeRule (7748 bytes)

Stack: [0x000000682e600000,0x000000682e700000]
Native frames: (J=compiled Java code, j=interpreted, Vv=VM code, C=native code)
V  [jvm.dll+0x6d2449]
V  [jvm.dll+0x8ae341]
V  [jvm.dll+0x8b08be]
V  [jvm.dll+0x8b0fa3]
V  [jvm.dll+0x280c96]
V  [jvm.dll+0xc581d]
V  [jvm.dll+0xc5d53]
V  [jvm.dll+0x3b9162]
V  [jvm.dll+0x385315]
V  [jvm.dll+0x38477a]
V  [jvm.dll+0x248ed0]
V  [jvm.dll+0x2484af]
V  [jvm.dll+0x1c89ee]
V  [jvm.dll+0x257d4d]
V  [jvm.dll+0x2562ea]
V  [jvm.dll+0x3f2d16]
V  [jvm.dll+0x857e6b]
V  [jvm.dll+0x6d0b0d]
C  [ucrtbase.dll+0x37b0]
C  [KERNEL32.DLL+0x2e8d7]
C  [ntdll.dll+0x8c53c]


---------------  P R O C E S S  ---------------

Threads class SMR info:
_java_thread_list=0x0000019f0ca67ab0, length=60, elements={
0x0000019eab03bc30, 0x0000019f04aab3e0, 0x0000019f04aace40, 0x0000019f04aafe30,
0x0000019f04ab0a80, 0x0000019f04ab2310, 0x0000019f04ab7650, 0x0000019f04abfeb0,
0x0000019f04ac13e0, 0x0000019eab0ac680, 0x0000019f04df3920, 0x0000019f09b74040,
0x0000019f09509460, 0x0000019f04e762f0, 0x0000019f09882d60, 0x0000019f09688e00,
0x0000019f094ecca0, 0x0000019f09f4af40, 0x0000019f0981ef30, 0x0000019f0a4ea230,
0x0000019f0a4e9510, 0x0000019f0a4e7ad0, 0x0000019f0a4ea8c0, 0x0000019f0a4eb5e0,
0x0000019f0a4e9ba0, 0x0000019f0a4ebc70, 0x0000019f0a4e87f0, 0x0000019f0a4ed020,
0x0000019f0a4ec990, 0x0000019f0a4eea60, 0x0000019f0a4ed6b0, 0x0000019f0a4edd40,
0x0000019f0a4ef0f0, 0x0000019f0a4ee3d0, 0x0000019f0ba44820, 0x0000019f0ba44eb0,
0x0000019f0b751a20, 0x0000019f0b74f950, 0x0000019f0b750d00, 0x0000019f0b7520b0,
0x0000019f0b74ffe0, 0x0000019f0b74f2c0, 0x0000019f0c92b710, 0x0000019f0c929cd0,
0x0000019f0c92b080, 0x0000019f0c928290, 0x0000019f0c92a360, 0x0000019f0c92eb90,
0x0000019f0cc146f0, 0x0000019f0cc14060, 0x0000019f0cc11f90, 0x0000019f0cc12620,
0x0000019f0cc17b70, 0x0000019f0cc195b0, 0x0000019f0cc167c0, 0x0000019f0cc18200,
0x0000019f0cc174e0, 0x0000019f0cc18f20, 0x0000019f0ba42de0, 0x0000019f0bb1a250
}

Java Threads: ( => current thread )
  0x0000019eab03bc30 JavaThread "main"                              [_thread_blocked, id=17952, stack(0x000000682dc00000,0x000000682dd00000) (1024K)]
  0x0000019f04aab3e0 JavaThread "Reference Handler"          daemon [_thread_blocked, id=29076, stack(0x000000682e000000,0x000000682e100000) (1024K)]
  0x0000019f04aace40 JavaThread "Finalizer"                  daemon [_thread_blocked, id=37568, stack(0x000000682e100000,0x000000682e200000) (1024K)]
  0x0000019f04aafe30 JavaThread "Signal Dispatcher"          daemon [_thread_blocked, id=1860, stack(0x000000682e200000,0x000000682e300000) (1024K)]
  0x0000019f04ab0a80 JavaThread "Attach Listener"            daemon [_thread_blocked, id=19792, stack(0x000000682e300000,0x000000682e400000) (1024K)]
  0x0000019f04ab2310 JavaThread "Service Thread"             daemon [_thread_blocked, id=24212, stack(0x000000682e400000,0x000000682e500000) (1024K)]
  0x0000019f04ab7650 JavaThread "Monitor Deflation Thread"   daemon [_thread_blocked, id=21452, stack(0x000000682e500000,0x000000682e600000) (1024K)]
=>0x0000019f04abfeb0 JavaThread "C2 CompilerThread0"         daemon [_thread_in_native, id=41172, stack(0x000000682e600000,0x000000682e700000) (1024K)]
  0x0000019f04ac13e0 JavaThread "C1 CompilerThread0"         daemon [_thread_blocked, id=10440, stack(0x000000682e700000,0x000000682e800000) (1024K)]
  0x0000019eab0ac680 JavaThread "Common-Cleaner"             daemon [_thread_blocked, id=42184, stack(0x000000682e800000,0x000000682e900000) (1024K)]
  0x0000019f04df3920 JavaThread "Notification Thread"        daemon [_thread_blocked, id=11528, stack(0x000000682eb00000,0x000000682ec00000) (1024K)]
  0x0000019f09b74040 JavaThread "Active Thread: Equinox Container: cf530a9c-21df-4a99-88d2-5a66a982f8be"        [_thread_blocked, id=16452, stack(0x000000682f200000,0x000000682f300000) (1024K)]
  0x0000019f09509460 JavaThread "Refresh Thread: Equinox Container: cf530a9c-21df-4a99-88d2-5a66a982f8be" daemon [_thread_blocked, id=35320, stack(0x000000682f400000,0x000000682f500000) (1024K)]
  0x0000019f04e762f0 JavaThread "Framework Event Dispatcher: Equinox Container: cf530a9c-21df-4a99-88d2-5a66a982f8be" daemon [_thread_blocked, id=11792, stack(0x000000682f500000,0x000000682f600000) (1024K)]
  0x0000019f09882d60 JavaThread "Start Level: Equinox Container: cf530a9c-21df-4a99-88d2-5a66a982f8be" daemon [_thread_blocked, id=33336, stack(0x000000682f600000,0x000000682f700000) (1024K)]
  0x0000019f09688e00 JavaThread "Bundle File Closer"         daemon [_thread_blocked, id=41056, stack(0x000000682f900000,0x000000682fa00000) (1024K)]
  0x0000019f094ecca0 JavaThread "SCR Component Actor"        daemon [_thread_blocked, id=1008, stack(0x000000682fa00000,0x000000682fb00000) (1024K)]
  0x0000019f09f4af40 JavaThread "Worker-JM"                         [_thread_blocked, id=31308, stack(0x000000682fb00000,0x000000682fc00000) (1024K)]
  0x0000019f0981ef30 JavaThread "JNA Cleaner"                daemon [_thread_blocked, id=42040, stack(0x000000682fc00000,0x000000682fd00000) (1024K)]
  0x0000019f0a4ea230 JavaThread "Java indexing"              daemon [_thread_blocked, id=42324, stack(0x000000682ea00000,0x000000682eb00000) (1024K)]
  0x0000019f0a4e9510 JavaThread "Thread-1"                   daemon [_thread_in_native, id=38888, stack(0x0000006830600000,0x0000006830700000) (1024K)]
  0x0000019f0a4e7ad0 JavaThread "Thread-2"                   daemon [_thread_in_native, id=40816, stack(0x0000006830700000,0x0000006830800000) (1024K)]
  0x0000019f0a4ea8c0 JavaThread "Thread-3"                   daemon [_thread_in_native, id=12304, stack(0x0000006830800000,0x0000006830900000) (1024K)]
  0x0000019f0a4eb5e0 JavaThread "Thread-4"                   daemon [_thread_in_native, id=23532, stack(0x0000006830900000,0x0000006830a00000) (1024K)]
  0x0000019f0a4e9ba0 JavaThread "Thread-5"                   daemon [_thread_in_native, id=29240, stack(0x0000006830a00000,0x0000006830b00000) (1024K)]
  0x0000019f0a4ebc70 JavaThread "Thread-6"                   daemon [_thread_in_native, id=8040, stack(0x0000006830b00000,0x0000006830c00000) (1024K)]
  0x0000019f0a4e87f0 JavaThread "Thread-7"                   daemon [_thread_in_native, id=35508, stack(0x0000006830c00000,0x0000006830d00000) (1024K)]
  0x0000019f0a4ed020 JavaThread "Thread-8"                   daemon [_thread_in_native, id=42436, stack(0x0000006830d00000,0x0000006830e00000) (1024K)]
  0x0000019f0a4ec990 JavaThread "Thread-9"                   daemon [_thread_in_native, id=33464, stack(0x0000006830e00000,0x0000006830f00000) (1024K)]
  0x0000019f0a4eea60 JavaThread "Thread-10"                  daemon [_thread_in_native, id=37780, stack(0x0000006830f00000,0x0000006831000000) (1024K)]
  0x0000019f0a4ed6b0 JavaThread "Thread-11"                  daemon [_thread_in_native, id=29296, stack(0x0000006831000000,0x0000006831100000) (1024K)]
  0x0000019f0a4edd40 JavaThread "Thread-12"                  daemon [_thread_in_native, id=12940, stack(0x0000006831100000,0x0000006831200000) (1024K)]
  0x0000019f0a4ef0f0 JavaThread "Thread-13"                  daemon [_thread_in_native, id=13876, stack(0x0000006831200000,0x0000006831300000) (1024K)]
  0x0000019f0a4ee3d0 JavaThread "pool-2-thread-1"                   [_thread_blocked, id=26540, stack(0x0000006831400000,0x0000006831500000) (1024K)]
  0x0000019f0ba44820 JavaThread "WorkspaceEventsHandler"            [_thread_blocked, id=33292, stack(0x0000006831500000,0x0000006831600000) (1024K)]
  0x0000019f0ba44eb0 JavaThread "pool-1-thread-1"                   [_thread_blocked, id=40588, stack(0x0000006831600000,0x0000006831700000) (1024K)]
  0x0000019f0b751a20 JavaThread "ForkJoinPool.commonPool-worker-1" daemon [_thread_blocked, id=33656, stack(0x0000006833800000,0x0000006833900000) (1024K)]
  0x0000019f0b74f950 JavaThread "ForkJoinPool.commonPool-worker-2" daemon [_thread_blocked, id=3748, stack(0x0000006833900000,0x0000006833a00000) (1024K)]
  0x0000019f0b750d00 JavaThread "ForkJoinPool.commonPool-worker-3" daemon [_thread_blocked, id=40516, stack(0x0000006833a00000,0x0000006833b00000) (1024K)]
  0x0000019f0b7520b0 JavaThread "ForkJoinPool.commonPool-worker-4" daemon [_thread_blocked, id=15572, stack(0x0000006833b00000,0x0000006833c00000) (1024K)]
  0x0000019f0b74ffe0 JavaThread "ForkJoinPool.commonPool-worker-5" daemon [_thread_blocked, id=17072, stack(0x0000006833c00000,0x0000006833d00000) (1024K)]
  0x0000019f0b74f2c0 JavaThread "Cleaner-0"                  daemon [_thread_blocked, id=28812, stack(0x0000006833e00000,0x0000006833f00000) (1024K)]
  0x0000019f0c92b710 JavaThread "ForkJoinPool.commonPool-worker-7" daemon [_thread_blocked, id=36328, stack(0x000000682db00000,0x000000682dc00000) (1024K)]
  0x0000019f0c929cd0 JavaThread "ForkJoinPool.commonPool-worker-8" daemon [_thread_blocked, id=20624, stack(0x000000682e900000,0x000000682ea00000) (1024K)]
  0x0000019f0c92b080 JavaThread "ForkJoinPool.commonPool-worker-9" daemon [_thread_blocked, id=35804, stack(0x000000682fd00000,0x000000682fe00000) (1024K)]
  0x0000019f0c928290 JavaThread "ForkJoinPool.commonPool-worker-10" daemon [_thread_blocked, id=41116, stack(0x000000682ff00000,0x0000006830000000) (1024K)]
  0x0000019f0c92a360 JavaThread "Worker-10"                         [_thread_blocked, id=9612, stack(0x000000682fe00000,0x000000682ff00000) (1024K)]
  0x0000019f0c92eb90 JavaThread "Compiler Source File Reader" daemon [_thread_blocked, id=1612, stack(0x0000006830000000,0x0000006830100000) (1024K)]
  0x0000019f0cc146f0 JavaThread "Compiler Source File Reader" daemon [_thread_blocked, id=22500, stack(0x0000006830300000,0x0000006830400000) (1024K)]
  0x0000019f0cc14060 JavaThread "ForkJoinPool.commonPool-worker-11" daemon [_thread_blocked, id=38464, stack(0x0000006830100000,0x0000006830200000) (1024K)]
  0x0000019f0cc11f90 JavaThread "Compiler Source File Reader" daemon [_thread_blocked, id=39440, stack(0x0000006830200000,0x0000006830300000) (1024K)]
  0x0000019f0cc12620 JavaThread "Compiler Source File Reader" daemon [_thread_blocked, id=35488, stack(0x000000682d900000,0x000000682da00000) (1024K)]
  0x0000019f0cc17b70 JavaThread "Compiler Source File Reader" daemon [_thread_blocked, id=35856, stack(0x000000682da00000,0x000000682db00000) (1024K)]
  0x0000019f0cc195b0 JavaThread "Compiler Source File Reader" daemon [_thread_blocked, id=21372, stack(0x0000006831800000,0x0000006831900000) (1024K)]
  0x0000019f0cc167c0 JavaThread "Compiler Source File Reader" daemon [_thread_blocked, id=35680, stack(0x0000006831a00000,0x0000006831b00000) (1024K)]
  0x0000019f0cc18200 JavaThread "Compiler Source File Reader" daemon [_thread_blocked, id=12280, stack(0x0000006831900000,0x0000006831a00000) (1024K)]
  0x0000019f0cc174e0 JavaThread "Compiler Source File Reader" daemon [_thread_blocked, id=37512, stack(0x0000006831b00000,0x0000006831c00000) (1024K)]
  0x0000019f0cc18f20 JavaThread "Compiler Source File Reader" daemon [_thread_blocked, id=31696, stack(0x0000006831c00000,0x0000006831d00000) (1024K)]
  0x0000019f0ba42de0 JavaThread "Worker-13"                         [_thread_blocked, id=31880, stack(0x0000006830400000,0x0000006830500000) (1024K)]
  0x0000019f0bb1a250 JavaThread "C2 CompilerThread1"         daemon [_thread_blocked, id=27308, stack(0x0000006830500000,0x0000006830600000) (1024K)]
Total: 60

Other Threads:
  0x0000019ec1ac39e0 VMThread "VM Thread"                           [id=33504, stack(0x000000682df00000,0x000000682e000000) (1024K)]
  0x0000019ec19bba00 WatcherThread "VM Periodic Task Thread"        [id=36392, stack(0x000000682de00000,0x000000682df00000) (1024K)]
  0x0000019eab05a380 WorkerThread "GC Thread#0"                     [id=42620, stack(0x000000682dd00000,0x000000682de00000) (1024K)]
  0x0000019f097077b0 WorkerThread "GC Thread#1"                     [id=40580, stack(0x000000682ec00000,0x000000682ed00000) (1024K)]
  0x0000019f098a2ad0 WorkerThread "GC Thread#2"                     [id=20356, stack(0x000000682ed00000,0x000000682ee00000) (1024K)]
  0x0000019f097f1f50 WorkerThread "GC Thread#3"                     [id=37748, stack(0x000000682ee00000,0x000000682ef00000) (1024K)]
  0x0000019f097f22f0 WorkerThread "GC Thread#4"                     [id=20596, stack(0x000000682ef00000,0x000000682f000000) (1024K)]
  0x0000019f09266870 WorkerThread "GC Thread#5"                     [id=28232, stack(0x000000682f000000,0x000000682f100000) (1024K)]
  0x0000019f09266fb0 WorkerThread "GC Thread#6"                     [id=39384, stack(0x000000682f100000,0x000000682f200000) (1024K)]
  0x0000019f09266c10 WorkerThread "GC Thread#7"                     [id=29728, stack(0x000000682f300000,0x000000682f400000) (1024K)]
  0x0000019f092676f0 WorkerThread "GC Thread#8"                     [id=35964, stack(0x000000682f700000,0x000000682f800000) (1024K)]
  0x0000019f092681d0 WorkerThread "GC Thread#9"                     [id=36964, stack(0x000000682f800000,0x000000682f900000) (1024K)]
Total: 12

Threads with active compile tasks:
C2 CompilerThread0  1305265 22837       4       org.eclipse.jdt.internal.compiler.parser.Parser::consumeRule (7748 bytes)
C2 CompilerThread1  1305265 22853 %     4       org.eclipse.jdt.internal.compiler.parser.diagnose.DiagnoseParser::scopeTrialCheck @ 197 (782 bytes)
Total: 2

VM state: at safepoint (normal execution)

VM Mutex/Monitor currently owned by a thread:  ([mutex/lock_event])
[0x00007ff846515458] Threads_lock - owner thread: 0x0000019ec1ac39e0
[0x00007ff846515558] Heap_lock - owner thread: 0x0000019f0c92b710

Heap address: 0x0000000080000000, size: 2048 MB, Compressed Oops mode: 32-bit

CDS archive(s) mapped at: [0x0000019ec2000000-0x0000019ec2ba0000-0x0000019ec2ba0000), size 12189696, SharedBaseAddress: 0x0000019ec2000000, ArchiveRelocationMode: 1.
Compressed class space mapped at: 0x0000019ec3000000-0x0000019f03000000, reserved size: 1073741824
Narrow klass base: 0x0000019ec2000000, Narrow klass shift: 0, Narrow klass range: 0x100000000

GC Precious Log:
 CardTable entry size: 512
 CPUs: 12 total, 12 available
 Memory: 16094M
 Large Page Support: Disabled
 NUMA Support: Disabled
 Compressed Oops: Enabled (32-bit)
 Alignments: Space 512K, Generation 512K, Heap 2M
 Heap Min Capacity: 100M
 Heap Initial Capacity: 100M
 Heap Max Capacity: 2G
 Pre-touch: Disabled
 Parallel Workers: 10

Heap:
 PSYoungGen      total 4096K, used 1536K [0x00000000d5580000, 0x00000000d5c00000, 0x0000000100000000)
  eden space 2560K, 0% used [0x00000000d5580000,0x00000000d5580000,0x00000000d5800000)
  from space 1536K, 100% used [0x00000000d5900000,0x00000000d5a80000,0x00000000d5a80000)
  to   space 512K, 0% used [0x00000000d5b80000,0x00000000d5b80000,0x00000000d5c00000)
 ParOldGen       total 715264K, used 340148K [0x0000000080000000, 0x00000000aba80000, 0x00000000d5580000)
  object space 715264K, 47% used [0x0000000080000000,0x0000000094c2d0e8,0x00000000aba80000)
 Metaspace       used 92637K, committed 94336K, reserved 1179648K
  class space    used 9438K, committed 10240K, reserved 1048576K

Card table byte_map: [0x0000019eaa9e0000,0x0000019eaadf0000] _byte_map_base: 0x0000019eaa5e0000

Marking Bits: (ParMarkBitMap*) 0x00007ff84651a340
 Begin Bits: [0x0000019ebd4e0000, 0x0000019ebf4e0000)
 End Bits:   [0x0000019ebf4e0000, 0x0000019ec14e0000)

Polling page: 0x0000019eaa6b0000

Metaspace:

Usage:
  Non-class:     81.25 MB used.
      Class:      9.22 MB used.
       Both:     90.47 MB used.

Virtual space:
  Non-class space:      128.00 MB reserved,      82.12 MB ( 64%) committed,  2 nodes.
      Class space:        1.00 GB reserved,      10.00 MB ( <1%) committed,  1 nodes.
             Both:        1.12 GB reserved,      92.12 MB (  8%) committed. 

Chunk freelists:
   Non-Class:  13.81 MB
       Class:  5.97 MB
        Both:  19.78 MB

MaxMetaspaceSize: unlimited
CompressedClassSpaceSize: 1.00 GB
Initial GC threshold: 21.00 MB
Current GC threshold: 150.94 MB
CDS: on
 - commit_granule_bytes: 65536.
 - commit_granule_words: 8192.
 - virtual_space_node_default_size: 8388608.
 - enlarge_chunks_in_place: 1.
 - use_allocation_guard: 0.


Internal statistics:

num_allocs_failed_limit: 9.
num_arena_births: 1726.
num_arena_deaths: 24.
num_vsnodes_births: 3.
num_vsnodes_deaths: 0.
num_space_committed: 1474.
num_space_uncommitted: 0.
num_chunks_returned_to_freelist: 38.
num_chunks_taken_from_freelist: 6470.
num_chunk_merges: 15.
num_chunk_splits: 3713.
num_chunks_enlarged: 1830.
num_inconsistent_stats: 0.

CodeHeap 'non-profiled nmethods': size=120000Kb used=20363Kb max_used=20611Kb free=99636Kb
 bounds [0x0000019eb5d00000, 0x0000019eb7130000, 0x0000019ebd230000]
CodeHeap 'profiled nmethods': size=120000Kb used=45638Kb max_used=50366Kb free=74361Kb
 bounds [0x0000019eae230000, 0x0000019eb1360000, 0x0000019eb5760000]
CodeHeap 'non-nmethods': size=5760Kb used=1527Kb max_used=1639Kb free=4233Kb
 bounds [0x0000019eb5760000, 0x0000019eb59d0000, 0x0000019eb5d00000]
CodeCache: size=245760Kb, used=67528Kb, max_used=72616Kb, free=178230Kb
 total_blobs=19529, nmethods=18686, adapters=745, full_count=0
Compilation: enabled, stopped_count=0, restarted_count=0

Compilation events (20 events):
Event: 1304.106 Thread 0x0000019f04ac13e0 nmethod 22835 0x0000019eaf211790 code [0x0000019eaf211920, 0x0000019eaf211a28]
Event: 1304.106 Thread 0x0000019f04ac13e0 22840   !   3       org.eclipse.jdt.internal.core.CompilationUnitProblemFinder::getRelease (118 bytes)
Event: 1304.107 Thread 0x0000019f04ac13e0 nmethod 22840 0x0000019eae83d910 code [0x0000019eae83db80, 0x0000019eae83e4e0]
Event: 1304.107 Thread 0x0000019f04ac13e0 22839   !   3       org.eclipse.jdt.internal.core.CompilationUnitProblemFinder::process (620 bytes)
Event: 1304.111 Thread 0x0000019f04ac13e0 nmethod 22839 0x0000019eaf19d490 code [0x0000019eaf19db80, 0x0000019eaf1a2508]
Event: 1304.111 Thread 0x0000019f04ac13e0 22841       3       org.eclipse.jdt.internal.core.CompilationUnitProblemFinder::getCompilerOptions (43 bytes)
Event: 1304.112 Thread 0x0000019f04ac13e0 nmethod 22841 0x0000019eaef06e90 code [0x0000019eaef07040, 0x0000019eaef07288]
Event: 1304.112 Thread 0x0000019f04ac13e0 22842       3       org.eclipse.jdt.internal.core.CompilationUnitProblemFinder::getHandlingPolicy (4 bytes)
Event: 1304.112 Thread 0x0000019f04ac13e0 nmethod 22842 0x0000019eaef06790 code [0x0000019eaef06940, 0x0000019eaef06b98]
Event: 1304.112 Thread 0x0000019f0bb1a250 22844   !   4       org.eclipse.jdt.internal.compiler.parser.Scanner::getNextToken0 (3060 bytes)
Event: 1304.115 Thread 0x0000019f04ac13e0 22845       3       org.eclipse.jdt.internal.core.CompilationUnitProblemFinder$1::acceptResult (1 bytes)
Event: 1304.115 Thread 0x0000019f04ac13e0 nmethod 22845 0x0000019eaf524090 code [0x0000019eaf524220, 0x0000019eaf524328]
Event: 1304.133 Thread 0x0000019f04abfeb0 nmethod 22836 0x0000019eb628b710 code [0x0000019eb628ba60, 0x0000019eb628d0a0]
Event: 1304.133 Thread 0x0000019f04abfeb0 22837       4       org.eclipse.jdt.internal.compiler.parser.Parser::consumeRule (7748 bytes)
Event: 1304.182 Thread 0x0000019f0bb1a250 nmethod 22844 0x0000019eb640fd10 code [0x0000019eb6410780, 0x0000019eb64134d0]
Event: 1304.183 Thread 0x0000019f0bb1a250 22838       4       org.eclipse.jdt.internal.compiler.parser.Parser::consumeToken (2264 bytes)
Event: 1304.673 Thread 0x0000019f04ac13e0 22846       3       org.eclipse.jdt.internal.compiler.parser.RecoveredElement::parser (28 bytes)
Event: 1304.674 Thread 0x0000019f04ac13e0 nmethod 22846 0x0000019eaf222b10 code [0x0000019eaf222cc0, 0x0000019eaf222ef0]
Event: 1304.674 Thread 0x0000019f04ac13e0 22847   !   3       org.eclipse.jdt.internal.compiler.parser.Scanner::scanForStringLiteral (636 bytes)
Event: 1304.676 Thread 0x0000019f04ac13e0 nmethod 22847 0x0000019eaea64b90 code [0x0000019eaea64f40, 0x0000019eaea668f8]

GC Heap History (20 events):
Event: 1302.378 GC heap before
{Heap before GC invocations=1960 (full 5):
 PSYoungGen      total 3072K, used 2667K [0x00000000d5580000, 0x00000000d5a80000, 0x0000000100000000)
  eden space 1536K, 100% used [0x00000000d5580000,0x00000000d5700000,0x00000000d5700000)
  from space 1536K, 73% used [0x00000000d5900000,0x00000000d5a1af90,0x00000000d5a80000)
  to   space 1536K, 0% used [0x00000000d5780000,0x00000000d5780000,0x00000000d5900000)
 ParOldGen       total 715264K, used 329540K [0x0000000080000000, 0x00000000aba80000, 0x00000000d5580000)
  object space 715264K, 46% used [0x0000000080000000,0x00000000941d1040,0x00000000aba80000)
 Metaspace       used 92576K, committed 94272K, reserved 1179648K
  class space    used 9433K, committed 10240K, reserved 1048576K
}
Event: 1302.380 GC heap after
{Heap after GC invocations=1960 (full 5):
 PSYoungGen      total 3584K, used 1536K [0x00000000d5580000, 0x00000000d5d80000, 0x0000000100000000)
  eden space 2048K, 0% used [0x00000000d5580000,0x00000000d5580000,0x00000000d5780000)
  from space 1536K, 100% used [0x00000000d5780000,0x00000000d5900000,0x00000000d5900000)
  to   space 3072K, 0% used [0x00000000d5a80000,0x00000000d5a80000,0x00000000d5d80000)
 ParOldGen       total 715264K, used 330567K [0x0000000080000000, 0x00000000aba80000, 0x00000000d5580000)
  object space 715264K, 46% used [0x0000000080000000,0x00000000942d1fd0,0x00000000aba80000)
 Metaspace       used 92576K, committed 94272K, reserved 1179648K
  class space    used 9433K, committed 10240K, reserved 1048576K
}
Event: 1302.468 GC heap before
{Heap before GC invocations=1961 (full 5):
 PSYoungGen      total 3584K, used 3584K [0x00000000d5580000, 0x00000000d5d80000, 0x0000000100000000)
  eden space 2048K, 100% used [0x00000000d5580000,0x00000000d5780000,0x00000000d5780000)
  from space 1536K, 100% used [0x00000000d5780000,0x00000000d5900000,0x00000000d5900000)
  to   space 3072K, 0% used [0x00000000d5a80000,0x00000000d5a80000,0x00000000d5d80000)
 ParOldGen       total 715264K, used 330567K [0x0000000080000000, 0x00000000aba80000, 0x00000000d5580000)
  object space 715264K, 46% used [0x0000000080000000,0x00000000942d1fd0,0x00000000aba80000)
 Metaspace       used 92576K, committed 94272K, reserved 1179648K
  class space    used 9433K, committed 10240K, reserved 1048576K
}
Event: 1302.471 GC heap after
{Heap after GC invocations=1961 (full 5):
 PSYoungGen      total 4608K, used 1696K [0x00000000d5580000, 0x00000000d5c80000, 0x0000000100000000)
  eden space 2560K, 0% used [0x00000000d5580000,0x00000000d5580000,0x00000000d5800000)
  from space 2048K, 82% used [0x00000000d5a80000,0x00000000d5c28000,0x00000000d5c80000)
  to   space 2048K, 0% used [0x00000000d5880000,0x00000000d5880000,0x00000000d5a80000)
 ParOldGen       total 715264K, used 332103K [0x0000000080000000, 0x00000000aba80000, 0x00000000d5580000)
  object space 715264K, 46% used [0x0000000080000000,0x0000000094451fd0,0x00000000aba80000)
 Metaspace       used 92576K, committed 94272K, reserved 1179648K
  class space    used 9433K, committed 10240K, reserved 1048576K
}
Event: 1302.480 GC heap before
{Heap before GC invocations=1962 (full 5):
 PSYoungGen      total 4608K, used 4256K [0x00000000d5580000, 0x00000000d5c80000, 0x0000000100000000)
  eden space 2560K, 100% used [0x00000000d5580000,0x00000000d5800000,0x00000000d5800000)
  from space 2048K, 82% used [0x00000000d5a80000,0x00000000d5c28000,0x00000000d5c80000)
  to   space 2048K, 0% used [0x00000000d5880000,0x00000000d5880000,0x00000000d5a80000)
 ParOldGen       total 715264K, used 332103K [0x0000000080000000, 0x00000000aba80000, 0x00000000d5580000)
  object space 715264K, 46% used [0x0000000080000000,0x0000000094451fd0,0x00000000aba80000)
 Metaspace       used 92576K, committed 94272K, reserved 1179648K
  class space    used 9433K, committed 10240K, reserved 1048576K
}
Event: 1302.482 GC heap after
{Heap after GC invocations=1962 (full 5):
 PSYoungGen      total 4608K, used 2027K [0x00000000d5580000, 0x00000000d6000000, 0x0000000100000000)
  eden space 2560K, 0% used [0x00000000d5580000,0x00000000d5580000,0x00000000d5800000)
  from space 2048K, 99% used [0x00000000d5880000,0x00000000d5a7af90,0x00000000d5a80000)
  to   space 4096K, 0% used [0x00000000d5c00000,0x00000000d5c00000,0x00000000d6000000)
 ParOldGen       total 715264K, used 333693K [0x0000000080000000, 0x00000000aba80000, 0x00000000d5580000)
  object space 715264K, 46% used [0x0000000080000000,0x00000000945df450,0x00000000aba80000)
 Metaspace       used 92576K, committed 94272K, reserved 1179648K
  class space    used 9433K, committed 10240K, reserved 1048576K
}
Event: 1302.492 GC heap before
{Heap before GC invocations=1963 (full 5):
 PSYoungGen      total 4608K, used 4587K [0x00000000d5580000, 0x00000000d6000000, 0x0000000100000000)
  eden space 2560K, 100% used [0x00000000d5580000,0x00000000d5800000,0x00000000d5800000)
  from space 2048K, 99% used [0x00000000d5880000,0x00000000d5a7af90,0x00000000d5a80000)
  to   space 4096K, 0% used [0x00000000d5c00000,0x00000000d5c00000,0x00000000d6000000)
 ParOldGen       total 715264K, used 333693K [0x0000000080000000, 0x00000000aba80000, 0x00000000d5580000)
  object space 715264K, 46% used [0x0000000080000000,0x00000000945df450,0x00000000aba80000)
 Metaspace       used 92576K, committed 94272K, reserved 1179648K
  class space    used 9433K, committed 10240K, reserved 1048576K
}
Event: 1302.493 GC heap after
{Heap after GC invocations=1963 (full 5):
 PSYoungGen      total 3584K, used 811K [0x00000000d5580000, 0x00000000d5d00000, 0x0000000100000000)
  eden space 2560K, 0% used [0x00000000d5580000,0x00000000d5580000,0x00000000d5800000)
  from space 1024K, 79% used [0x00000000d5c00000,0x00000000d5ccaf90,0x00000000d5d00000)
  to   space 2048K, 0% used [0x00000000d5900000,0x00000000d5900000,0x00000000d5b00000)
 ParOldGen       total 715264K, used 333989K [0x0000000080000000, 0x00000000aba80000, 0x00000000d5580000)
  object space 715264K, 46% used [0x0000000080000000,0x0000000094629450,0x00000000aba80000)
 Metaspace       used 92576K, committed 94272K, reserved 1179648K
  class space    used 9433K, committed 10240K, reserved 1048576K
}
Event: 1302.501 GC heap before
{Heap before GC invocations=1964 (full 5):
 PSYoungGen      total 3584K, used 3371K [0x00000000d5580000, 0x00000000d5d00000, 0x0000000100000000)
  eden space 2560K, 100% used [0x00000000d5580000,0x00000000d5800000,0x00000000d5800000)
  from space 1024K, 79% used [0x00000000d5c00000,0x00000000d5ccaf90,0x00000000d5d00000)
  to   space 2048K, 0% used [0x00000000d5900000,0x00000000d5900000,0x00000000d5b00000)
 ParOldGen       total 715264K, used 333989K [0x0000000080000000, 0x00000000aba80000, 0x00000000d5580000)
  object space 715264K, 46% used [0x0000000080000000,0x0000000094629450,0x00000000aba80000)
 Metaspace       used 92576K, committed 94272K, reserved 1179648K
  class space    used 9433K, committed 10240K, reserved 1048576K
}
Event: 1302.504 GC heap after
{Heap after GC invocations=1964 (full 5):
 PSYoungGen      total 4608K, used 2048K [0x00000000d5580000, 0x00000000d6000000, 0x0000000100000000)
  eden space 2560K, 0% used [0x00000000d5580000,0x00000000d5580000,0x00000000d5800000)
  from space 2048K, 100% used [0x00000000d5900000,0x00000000d5b00000,0x00000000d5b00000)
  to   space 4096K, 0% used [0x00000000d5c00000,0x00000000d5c00000,0x00000000d6000000)
 ParOldGen       total 715264K, used 335144K [0x0000000080000000, 0x00000000aba80000, 0x00000000d5580000)
  object space 715264K, 46% used [0x0000000080000000,0x000000009474a3e0,0x00000000aba80000)
 Metaspace       used 92576K, committed 94272K, reserved 1179648K
  class space    used 9433K, committed 10240K, reserved 1048576K
}
Event: 1302.866 GC heap before
{Heap before GC invocations=1965 (full 5):
 PSYoungGen      total 4608K, used 4608K [0x00000000d5580000, 0x00000000d6000000, 0x0000000100000000)
  eden space 2560K, 100% used [0x00000000d5580000,0x00000000d5800000,0x00000000d5800000)
  from space 2048K, 100% used [0x00000000d5900000,0x00000000d5b00000,0x00000000d5b00000)
  to   space 4096K, 0% used [0x00000000d5c00000,0x00000000d5c00000,0x00000000d6000000)
 ParOldGen       total 715264K, used 335144K [0x0000000080000000, 0x00000000aba80000, 0x00000000d5580000)
  object space 715264K, 46% used [0x0000000080000000,0x000000009474a3e0,0x00000000aba80000)
 Metaspace       used 92576K, committed 94336K, reserved 1179648K
  class space    used 9433K, committed 10240K, reserved 1048576K
}
Event: 1302.869 GC heap after
{Heap after GC invocations=1965 (full 5):
 PSYoungGen      total 3584K, used 976K [0x00000000d5580000, 0x00000000d5d00000, 0x0000000100000000)
  eden space 2560K, 0% used [0x00000000d5580000,0x00000000d5580000,0x00000000d5800000)
  from space 1024K, 95% used [0x00000000d5c00000,0x00000000d5cf4010,0x00000000d5d00000)
  to   space 2048K, 0% used [0x00000000d5900000,0x00000000d5900000,0x00000000d5b00000)
 ParOldGen       total 715264K, used 337248K [0x0000000080000000, 0x00000000aba80000, 0x00000000d5580000)
  object space 715264K, 47% used [0x0000000080000000,0x00000000949583e0,0x00000000aba80000)
 Metaspace       used 92576K, committed 94336K, reserved 1179648K
  class space    used 9433K, committed 10240K, reserved 1048576K
}
Event: 1302.887 GC heap before
{Heap before GC invocations=1966 (full 5):
 PSYoungGen      total 3584K, used 3536K [0x00000000d5580000, 0x00000000d5d00000, 0x0000000100000000)
  eden space 2560K, 100% used [0x00000000d5580000,0x00000000d5800000,0x00000000d5800000)
  from space 1024K, 95% used [0x00000000d5c00000,0x00000000d5cf4010,0x00000000d5d00000)
  to   space 2048K, 0% used [0x00000000d5900000,0x00000000d5900000,0x00000000d5b00000)
 ParOldGen       total 715264K, used 337248K [0x0000000080000000, 0x00000000aba80000, 0x00000000d5580000)
  object space 715264K, 47% used [0x0000000080000000,0x00000000949583e0,0x00000000aba80000)
 Metaspace       used 92576K, committed 94336K, reserved 1179648K
  class space    used 9433K, committed 10240K, reserved 1048576K
}
Event: 1302.888 GC heap after
{Heap after GC invocations=1966 (full 5):
 PSYoungGen      total 4608K, used 320K [0x00000000d5580000, 0x00000000d5c80000, 0x0000000100000000)
  eden space 2560K, 0% used [0x00000000d5580000,0x00000000d5580000,0x00000000d5800000)
  from space 2048K, 15% used [0x00000000d5900000,0x00000000d5950000,0x00000000d5b00000)
  to   space 1024K, 0% used [0x00000000d5b80000,0x00000000d5b80000,0x00000000d5c80000)
 ParOldGen       total 715264K, used 337744K [0x0000000080000000, 0x00000000aba80000, 0x00000000d5580000)
  object space 715264K, 47% used [0x0000000080000000,0x00000000949d43e0,0x00000000aba80000)
 Metaspace       used 92576K, committed 94336K, reserved 1179648K
  class space    used 9433K, committed 10240K, reserved 1048576K
}
Event: 1303.616 GC heap before
{Heap before GC invocations=1967 (full 5):
 PSYoungGen      total 4608K, used 2880K [0x00000000d5580000, 0x00000000d5c80000, 0x0000000100000000)
  eden space 2560K, 100% used [0x00000000d5580000,0x00000000d5800000,0x00000000d5800000)
  from space 2048K, 15% used [0x00000000d5900000,0x00000000d5950000,0x00000000d5b00000)
  to   space 1024K, 0% used [0x00000000d5b80000,0x00000000d5b80000,0x00000000d5c80000)
 ParOldGen       total 715264K, used 337744K [0x0000000080000000, 0x00000000aba80000, 0x00000000d5580000)
  object space 715264K, 47% used [0x0000000080000000,0x00000000949d43e0,0x00000000aba80000)
 Metaspace       used 92579K, committed 94336K, reserved 1179648K
  class space    used 9433K, committed 10240K, reserved 1048576K
}
Event: 1303.617 GC heap after
{Heap after GC invocations=1967 (full 5):
 PSYoungGen      total 3072K, used 320K [0x00000000d5580000, 0x00000000d5c00000, 0x0000000100000000)
  eden space 2560K, 0% used [0x00000000d5580000,0x00000000d5580000,0x00000000d5800000)
  from space 512K, 62% used [0x00000000d5b80000,0x00000000d5bd0000,0x00000000d5c00000)
  to   space 512K, 0% used [0x00000000d5b00000,0x00000000d5b00000,0x00000000d5b80000)
 ParOldGen       total 715264K, used 337792K [0x0000000080000000, 0x00000000aba80000, 0x00000000d5580000)
  object space 715264K, 47% used [0x0000000080000000,0x00000000949e03e0,0x00000000aba80000)
 Metaspace       used 92579K, committed 94336K, reserved 1179648K
  class space    used 9433K, committed 10240K, reserved 1048576K
}
Event: 1304.100 GC heap before
{Heap before GC invocations=1968 (full 5):
 PSYoungGen      total 3072K, used 2880K [0x00000000d5580000, 0x00000000d5c00000, 0x0000000100000000)
  eden space 2560K, 100% used [0x00000000d5580000,0x00000000d5800000,0x00000000d5800000)
  from space 512K, 62% used [0x00000000d5b80000,0x00000000d5bd0000,0x00000000d5c00000)
  to   space 512K, 0% used [0x00000000d5b00000,0x00000000d5b00000,0x00000000d5b80000)
 ParOldGen       total 715264K, used 337792K [0x0000000080000000, 0x00000000aba80000, 0x00000000d5580000)
  object space 715264K, 47% used [0x0000000080000000,0x00000000949e03e0,0x00000000aba80000)
 Metaspace       used 92616K, committed 94336K, reserved 1179648K
  class space    used 9438K, committed 10240K, reserved 1048576K
}
Event: 1304.102 GC heap after
{Heap after GC invocations=1968 (full 5):
 PSYoungGen      total 3072K, used 480K [0x00000000d5580000, 0x00000000d5c00000, 0x0000000100000000)
  eden space 2560K, 0% used [0x00000000d5580000,0x00000000d5580000,0x00000000d5800000)
  from space 512K, 93% used [0x00000000d5b00000,0x00000000d5b78000,0x00000000d5b80000)
  to   space 512K, 0% used [0x00000000d5b80000,0x00000000d5b80000,0x00000000d5c00000)
 ParOldGen       total 715264K, used 337848K [0x0000000080000000, 0x00000000aba80000, 0x00000000d5580000)
  object space 715264K, 47% used [0x0000000080000000,0x00000000949ee3e0,0x00000000aba80000)
 Metaspace       used 92616K, committed 94336K, reserved 1179648K
  class space    used 9438K, committed 10240K, reserved 1048576K
}
Event: 1304.668 GC heap before
{Heap before GC invocations=1969 (full 5):
 PSYoungGen      total 3072K, used 3036K [0x00000000d5580000, 0x00000000d5c00000, 0x0000000100000000)
  eden space 2560K, 99% used [0x00000000d5580000,0x00000000d57ff350,0x00000000d5800000)
  from space 512K, 93% used [0x00000000d5b00000,0x00000000d5b78000,0x00000000d5b80000)
  to   space 512K, 0% used [0x00000000d5b80000,0x00000000d5b80000,0x00000000d5c00000)
 ParOldGen       total 715264K, used 337848K [0x0000000080000000, 0x00000000aba80000, 0x00000000d5580000)
  object space 715264K, 47% used [0x0000000080000000,0x00000000949ee3e0,0x00000000aba80000)
 Metaspace       used 92628K, committed 94336K, reserved 1179648K
  class space    used 9438K, committed 10240K, reserved 1048576K
}
Event: 1304.671 GC heap after
{Heap after GC invocations=1969 (full 5):
 PSYoungGen      total 3072K, used 256K [0x00000000d5580000, 0x00000000d5c00000, 0x0000000100000000)
  eden space 2560K, 0% used [0x00000000d5580000,0x00000000d5580000,0x00000000d5800000)
  from space 512K, 50% used [0x00000000d5b80000,0x00000000d5bc0000,0x00000000d5c00000)
  to   space 512K, 0% used [0x00000000d5b00000,0x00000000d5b00000,0x00000000d5b80000)
 ParOldGen       total 715264K, used 337904K [0x0000000080000000, 0x00000000aba80000, 0x00000000d5580000)
  object space 715264K, 47% used [0x0000000080000000,0x00000000949fc3e0,0x00000000aba80000)
 Metaspace       used 92628K, committed 94336K, reserved 1179648K
  class space    used 9438K, committed 10240K, reserved 1048576K
}

Dll operation events (12 events):
Event: 0.018 Loaded shared library c:\Users\dell\.vscode\extensions\redhat.java-1.46.0-win32-x64\jre\21.0.8-win32-x86_64\bin\java.dll
Event: 0.136 Loaded shared library c:\Users\dell\.vscode\extensions\redhat.java-1.46.0-win32-x64\jre\21.0.8-win32-x86_64\bin\zip.dll
Event: 0.189 Loaded shared library C:\Users\dell\.vscode\extensions\redhat.java-1.46.0-win32-x64\jre\21.0.8-win32-x86_64\bin\instrument.dll
Event: 0.197 Loaded shared library C:\Users\dell\.vscode\extensions\redhat.java-1.46.0-win32-x64\jre\21.0.8-win32-x86_64\bin\net.dll
Event: 0.200 Loaded shared library C:\Users\dell\.vscode\extensions\redhat.java-1.46.0-win32-x64\jre\21.0.8-win32-x86_64\bin\nio.dll
Event: 0.205 Loaded shared library C:\Users\dell\.vscode\extensions\redhat.java-1.46.0-win32-x64\jre\21.0.8-win32-x86_64\bin\zip.dll
Event: 0.226 Loaded shared library C:\Users\dell\.vscode\extensions\redhat.java-1.46.0-win32-x64\jre\21.0.8-win32-x86_64\bin\jimage.dll
Event: 0.331 Loaded shared library c:\Users\dell\.vscode\extensions\redhat.java-1.46.0-win32-x64\jre\21.0.8-win32-x86_64\bin\verify.dll
Event: 1.952 Loaded shared library C:\Users\dell\AppData\Roaming\Code\User\globalStorage\redhat.java\1.46.0\config_win\org.eclipse.equinox.launcher\org.eclipse.equinox.launcher.win32.win32.x86_64_1.2.1400.v20250801-0854\eclipse_11916.dll
Event: 3.712 Loaded shared library C:\Users\dell\AppData\Local\Temp\jna-3079617\jna16782918307749452606.dll
Event: 229.340 Loaded shared library C:\Users\dell\.vscode\extensions\redhat.java-1.46.0-win32-x64\jre\21.0.8-win32-x86_64\bin\sunmscapi.dll
Event: 229.545 Loaded shared library C:\Users\dell\.vscode\extensions\redhat.java-1.46.0-win32-x64\jre\21.0.8-win32-x86_64\bin\extnet.dll

Deoptimization events (20 events):
Event: 1304.105 Thread 0x0000019f0ba42de0 DEOPT UNPACKING pc=0x0000019eb57b3aa2 sp=0x00000068304fddb0 mode 2
Event: 1304.105 Thread 0x0000019f0ba42de0 Uncommon trap: trap_request=0xffffff45 fr.pc=0x0000019eb5da0c68 relative=0x00000000000003a8
Event: 1304.105 Thread 0x0000019f0ba42de0 Uncommon trap: reason=unstable_if action=reinterpret pc=0x0000019eb5da0c68 method=org.eclipse.jdt.internal.compiler.lookup.ParameterizedTypeBinding.isEquivalentTo(Lorg/eclipse/jdt/internal/compiler/lookup/TypeBinding;)Z @ 168 c2
Event: 1304.105 Thread 0x0000019f0ba42de0 DEOPT PACKING pc=0x0000019eb5da0c68 sp=0x00000068304fdff0
Event: 1304.105 Thread 0x0000019f0ba42de0 DEOPT UNPACKING pc=0x0000019eb57b3aa2 sp=0x00000068304fdf68 mode 2
Event: 1304.108 Thread 0x0000019f0ba42de0 Uncommon trap: trap_request=0xffffff45 fr.pc=0x0000019eb6e3ba4c relative=0x000000000000156c
Event: 1304.108 Thread 0x0000019f0ba42de0 Uncommon trap: reason=unstable_if action=reinterpret pc=0x0000019eb6e3ba4c method=org.eclipse.jdt.internal.compiler.parser.Scanner.jumpOverMethodBody()V @ 652 c2
Event: 1304.108 Thread 0x0000019f0ba42de0 DEOPT PACKING pc=0x0000019eb6e3ba4c sp=0x00000068304fe210
Event: 1304.108 Thread 0x0000019f0ba42de0 DEOPT UNPACKING pc=0x0000019eb57b3aa2 sp=0x00000068304fe190 mode 2
Event: 1304.108 Thread 0x0000019f0ba42de0 Uncommon trap: trap_request=0xffffffc6 fr.pc=0x0000019eb6fa8758 relative=0x00000000000009d8
Event: 1304.108 Thread 0x0000019f0ba42de0 Uncommon trap: reason=bimorphic_or_optimized_type_check action=maybe_recompile pc=0x0000019eb6fa8758 method=org.eclipse.jdt.internal.compiler.parser.Parser.endParse(I)Lorg/eclipse/jdt/internal/compiler/ast/CompilationUnitDeclaration; @ 99 c2
Event: 1304.108 Thread 0x0000019f0ba42de0 DEOPT PACKING pc=0x0000019eb6fa8758 sp=0x00000068304fe310
Event: 1304.108 Thread 0x0000019f0ba42de0 DEOPT UNPACKING pc=0x0000019eb57b3aa2 sp=0x00000068304fe2d8 mode 2
Event: 1304.672 Thread 0x0000019f0c92b710 Uncommon trap: trap_request=0xffffff45 fr.pc=0x0000019eb68da568 relative=0x0000000000000148
Event: 1304.672 Thread 0x0000019f0c92b710 Uncommon trap: reason=unstable_if action=reinterpret pc=0x0000019eb68da568 method=org.eclipse.jdt.internal.compiler.util.Util.getLineNumber(I[III)I @ 50 c2
Event: 1304.672 Thread 0x0000019f0c92b710 DEOPT PACKING pc=0x0000019eb68da568 sp=0x000000682dbfed30
Event: 1304.674 Thread 0x0000019f0c929cd0 Uncommon trap: trap_request=0xffffff45 fr.pc=0x0000019eb700dc80 relative=0x0000000000000320
Event: 1304.674 Thread 0x0000019f0c929cd0 Uncommon trap: reason=unstable_if action=reinterpret pc=0x0000019eb700dc80 method=org.eclipse.jdt.internal.compiler.parser.Scanner.scanForStringLiteral()Lorg/eclipse/jdt/internal/compiler/parser/TerminalToken; @ 123 c2
Event: 1304.674 Thread 0x0000019f0c929cd0 DEOPT PACKING pc=0x0000019eb700dc80 sp=0x000000682e9fdff0
Event: 1304.674 Thread 0x0000019f0c929cd0 DEOPT UNPACKING pc=0x0000019eb57b3aa2 sp=0x000000682e9fdf90 mode 2

Classes loaded (20 events):
Event: 565.721 Loading class sun/security/ssl/Alert$Level
Event: 565.721 Loading class sun/security/ssl/Alert$Level done
Event: 658.331 Loading class java/util/stream/ReferencePipeline$15
Event: 658.332 Loading class java/util/stream/ReferencePipeline$15 done
Event: 658.332 Loading class java/util/stream/ReferencePipeline$15$1
Event: 658.332 Loading class java/util/stream/ReferencePipeline$15$1 done
Event: 659.095 Loading class java/io/Console
Event: 659.095 Loading class java/io/Console done
Event: 659.107 Loading class java/util/HashMap$EntrySpliterator
Event: 659.108 Loading class java/util/HashMap$EntrySpliterator done
Event: 869.194 Loading class java/nio/channels/CompletionHandler
Event: 869.194 Loading class java/nio/channels/CompletionHandler done
Event: 995.023 Loading class sun/security/ssl/PreSharedKeyExtension$PskIdentity
Event: 995.023 Loading class sun/security/ssl/PreSharedKeyExtension$PskIdentity done
Event: 995.023 Loading class sun/security/ssl/PreSharedKeyExtension$CHPreSharedKeySpec
Event: 995.023 Loading class sun/security/ssl/PreSharedKeyExtension$CHPreSharedKeySpec done
Event: 995.023 Loading class sun/security/ssl/PreSharedKeyExtension$PartialClientHelloMessage
Event: 995.024 Loading class sun/security/ssl/PreSharedKeyExtension$PartialClientHelloMessage done
Event: 995.084 Loading class sun/security/ssl/PreSharedKeyExtension$SHPreSharedKeySpec
Event: 995.085 Loading class sun/security/ssl/PreSharedKeyExtension$SHPreSharedKeySpec done

Classes unloaded (12 events):
Event: 4.344 Thread 0x0000019ec1ac39e0 Unloading class 0x0000019ec31ab000 'java/lang/invoke/LambdaForm$MH+0x0000019ec31ab000'
Event: 4.344 Thread 0x0000019ec1ac39e0 Unloading class 0x0000019ec31aac00 'java/lang/invoke/LambdaForm$MH+0x0000019ec31aac00'
Event: 4.344 Thread 0x0000019ec1ac39e0 Unloading class 0x0000019ec31aa800 'java/lang/invoke/LambdaForm$MH+0x0000019ec31aa800'
Event: 4.344 Thread 0x0000019ec1ac39e0 Unloading class 0x0000019ec31aa400 'java/lang/invoke/LambdaForm$MH+0x0000019ec31aa400'
Event: 4.344 Thread 0x0000019ec1ac39e0 Unloading class 0x0000019ec31aa000 'java/lang/invoke/LambdaForm$BMH+0x0000019ec31aa000'
Event: 4.344 Thread 0x0000019ec1ac39e0 Unloading class 0x0000019ec31a9c00 'java/lang/invoke/LambdaForm$DMH+0x0000019ec31a9c00'
Event: 4.344 Thread 0x0000019ec1ac39e0 Unloading class 0x0000019ec31a8800 'java/lang/invoke/LambdaForm$DMH+0x0000019ec31a8800'
Event: 9.993 Thread 0x0000019ec1ac39e0 Unloading class 0x0000019ec36d0400 'java/lang/invoke/LambdaForm$DMH+0x0000019ec36d0400'
Event: 9.993 Thread 0x0000019ec1ac39e0 Unloading class 0x0000019ec36d0000 'java/lang/invoke/LambdaForm$DMH+0x0000019ec36d0000'
Event: 9.993 Thread 0x0000019ec1ac39e0 Unloading class 0x0000019ec36ce800 'java/lang/invoke/LambdaForm$DMH+0x0000019ec36ce800'
Event: 9.993 Thread 0x0000019ec1ac39e0 Unloading class 0x0000019ec36cec00 'java/lang/invoke/LambdaForm$DMH+0x0000019ec36cec00'
Event: 367.106 Thread 0x0000019ec1ac39e0 Unloading class 0x0000019ec375bc00 'java/lang/invoke/LambdaForm$DMH+0x0000019ec375bc00'

Classes redefined (0 events):
No events

Internal exceptions (20 events):
Event: 1071.536 Thread 0x0000019f0a4ea230 Exception <a 'sun/nio/fs/WindowsException'{0x00000000d567c100}> (0x00000000d567c100) 
thrown [s\src\hotspot\share\prims\jni.cpp, line 520]
Event: 1071.670 Thread 0x0000019f0a4ea230 Exception <a 'sun/nio/fs/WindowsException'{0x00000000d55e1cf0}> (0x00000000d55e1cf0) 
thrown [s\src\hotspot\share\prims\jni.cpp, line 520]
Event: 1073.505 Thread 0x0000019f0b74f950 Implicit null exception at 0x0000019eb6ebd9c0 to 0x0000019eb6ebdd83
Event: 1074.011 Thread 0x0000019f0c92b710 Exception <a 'java/lang/ArrayIndexOutOfBoundsException'{0x00000000d56716c8}: Index 77 out of bounds for length 77> (0x00000000d56716c8) 
thrown [s\src\hotspot\share\interpreter\interpreterRuntime.cpp, line 439]
Event: 1074.206 Thread 0x0000019f0ba44eb0 Exception <a 'java/lang/IncompatibleClassChangeError'{0x00000000d57615a0}: Found class java.lang.Object, but interface was expected> (0x00000000d57615a0) 
thrown [s\src\hotspot\share\interpreter\linkResolver.cpp, line 840]
Event: 1074.213 Thread 0x0000019f0ba44eb0 Exception <a 'java/lang/ArrayIndexOutOfBoundsException'{0x00000000d5839458}: Index 1998 out of bounds for length 1998> (0x00000000d5839458) 
thrown [s\src\hotspot\share\interpreter\interpreterRuntime.cpp, line 439]
Event: 1074.251 Thread 0x0000019f0ba44eb0 Exception <a 'java/lang/ArrayIndexOutOfBoundsException'{0x00000000d56cd9b8}: Index 1998 out of bounds for length 1998> (0x00000000d56cd9b8) 
thrown [s\src\hotspot\share\interpreter\interpreterRuntime.cpp, line 439]
Event: 1077.016 Thread 0x0000019f0a4ea230 Exception <a 'sun/nio/fs/WindowsException'{0x00000000d57aaf48}> (0x00000000d57aaf48) 
thrown [s\src\hotspot\share\prims\jni.cpp, line 520]
Event: 1077.137 Thread 0x0000019f0a4ea230 Exception <a 'sun/nio/fs/WindowsException'{0x00000000d56185e8}> (0x00000000d56185e8) 
thrown [s\src\hotspot\share\prims\jni.cpp, line 520]
Event: 1080.722 Thread 0x0000019f0a4ea230 Exception <a 'sun/nio/fs/WindowsException'{0x00000000d5699818}> (0x00000000d5699818) 
thrown [s\src\hotspot\share\prims\jni.cpp, line 520]
Event: 1080.824 Thread 0x0000019f0a4ea230 Exception <a 'sun/nio/fs/WindowsException'{0x00000000d5613948}> (0x00000000d5613948) 
thrown [s\src\hotspot\share\prims\jni.cpp, line 520]
Event: 1136.321 Thread 0x0000019f0a4ea230 Exception <a 'sun/nio/fs/WindowsException'{0x00000000d55bfec0}> (0x00000000d55bfec0) 
thrown [s\src\hotspot\share\prims\jni.cpp, line 520]
Event: 1136.406 Thread 0x0000019f0a4ea230 Exception <a 'sun/nio/fs/WindowsException'{0x00000000d558bb20}> (0x00000000d558bb20) 
thrown [s\src\hotspot\share\prims\jni.cpp, line 520]
Event: 1278.101 Thread 0x0000019f0ba42de0 Exception <a 'sun/nio/fs/WindowsException'{0x00000000d574f090}> (0x00000000d574f090) 
thrown [s\src\hotspot\share\prims\jni.cpp, line 520]
Event: 1278.101 Thread 0x0000019f0ba42de0 Exception <a 'sun/nio/fs/WindowsException'{0x00000000d574fb90}> (0x00000000d574fb90) 
thrown [s\src\hotspot\share\prims\jni.cpp, line 520]
Event: 1303.651 Thread 0x0000019f0c92a360 Exception <a 'java/lang/ArrayIndexOutOfBoundsException'{0x00000000d56a3350}: Index 2602 out of bounds for length 2602> (0x00000000d56a3350) 
thrown [s\src\hotspot\share\interpreter\interpreterRuntime.cpp, line 439]
Event: 1304.096 Thread 0x0000019f0ba42de0 Exception <a 'java/lang/ArrayIndexOutOfBoundsException'{0x00000000d5772310}: Index 2602 out of bounds for length 2602> (0x00000000d5772310) 
thrown [s\src\hotspot\share\interpreter\interpreterRuntime.cpp, line 439]
Event: 1304.108 Thread 0x0000019f0ba42de0 Exception <a 'java/lang/ArrayIndexOutOfBoundsException'{0x00000000d5683a38}: Index 2602 out of bounds for length 2602> (0x00000000d5683a38) 
thrown [s\src\hotspot\share\interpreter\interpreterRuntime.cpp, line 439]
Event: 1304.673 Thread 0x0000019f0c929cd0 Exception <a 'java/lang/ArrayIndexOutOfBoundsException'{0x00000000d5672198}> (0x00000000d5672198) 
thrown [s\src\hotspot\share\runtime\sharedRuntime.cpp, line 625]
Event: 1304.675 Thread 0x0000019f0c92b080 Exception <a 'java/lang/ArrayIndexOutOfBoundsException'{0x00000000d5787410}> (0x00000000d5787410) 
thrown [s\src\hotspot\share\runtime\sharedRuntime.cpp, line 625]

ZGC Phase Switch (0 events):
No events

VM Operations (20 events):
Event: 1302.482 Executing VM operation: ParallelGCFailedAllocation (Allocation Failure) done
Event: 1302.492 Executing VM operation: ParallelGCFailedAllocation (Allocation Failure)
Event: 1302.493 Executing VM operation: ParallelGCFailedAllocation (Allocation Failure) done
Event: 1302.501 Executing VM operation: ParallelGCFailedAllocation (Allocation Failure)
Event: 1302.504 Executing VM operation: ParallelGCFailedAllocation (Allocation Failure) done
Event: 1302.866 Executing VM operation: ParallelGCFailedAllocation (Allocation Failure)
Event: 1302.869 Executing VM operation: ParallelGCFailedAllocation (Allocation Failure) done
Event: 1302.887 Executing VM operation: ParallelGCFailedAllocation (Allocation Failure)
Event: 1302.888 Executing VM operation: ParallelGCFailedAllocation (Allocation Failure) done
Event: 1303.616 Executing VM operation: ParallelGCFailedAllocation (Allocation Failure)
Event: 1303.617 Executing VM operation: ParallelGCFailedAllocation (Allocation Failure) done
Event: 1303.657 Executing VM operation: HandshakeAllThreads (Deoptimize)
Event: 1303.657 Executing VM operation: HandshakeAllThreads (Deoptimize) done
Event: 1303.663 Executing VM operation: HandshakeAllThreads (Deoptimize)
Event: 1303.663 Executing VM operation: HandshakeAllThreads (Deoptimize) done
Event: 1304.100 Executing VM operation: ParallelGCFailedAllocation (Allocation Failure)
Event: 1304.102 Executing VM operation: ParallelGCFailedAllocation (Allocation Failure) done
Event: 1304.668 Executing VM operation: ParallelGCFailedAllocation (Allocation Failure)
Event: 1304.671 Executing VM operation: ParallelGCFailedAllocation (Allocation Failure) done
Event: 1304.676 Executing VM operation: ParallelGCFailedAllocation (Allocation Failure)

Memory protections (0 events):
No events

Nmethod flushes (20 events):
Event: 1052.885 Thread 0x0000019ec1ac39e0 flushing  nmethod 0x0000019eb009cd90
Event: 1052.885 Thread 0x0000019ec1ac39e0 flushing  nmethod 0x0000019eb009d410
Event: 1052.885 Thread 0x0000019ec1ac39e0 flushing  nmethod 0x0000019eb009d910
Event: 1052.885 Thread 0x0000019ec1ac39e0 flushing  nmethod 0x0000019eb009e190
Event: 1052.885 Thread 0x0000019ec1ac39e0 flushing  nmethod 0x0000019eb009ed90
Event: 1052.885 Thread 0x0000019ec1ac39e0 flushing  nmethod 0x0000019eb00a1110
Event: 1052.885 Thread 0x0000019ec1ac39e0 flushing  nmethod 0x0000019eb00a7c90
Event: 1052.885 Thread 0x0000019ec1ac39e0 flushing  nmethod 0x0000019eb00a9690
Event: 1052.885 Thread 0x0000019ec1ac39e0 flushing  nmethod 0x0000019eb00d7a90
Event: 1052.885 Thread 0x0000019ec1ac39e0 flushing  nmethod 0x0000019eb00d8690
Event: 1052.885 Thread 0x0000019ec1ac39e0 flushing  nmethod 0x0000019eb00da090
Event: 1052.885 Thread 0x0000019ec1ac39e0 flushing  nmethod 0x0000019eb00eae10
Event: 1052.885 Thread 0x0000019ec1ac39e0 flushing  nmethod 0x0000019eb00eb210
Event: 1052.885 Thread 0x0000019ec1ac39e0 flushing  nmethod 0x0000019eb0109d10
Event: 1052.885 Thread 0x0000019ec1ac39e0 flushing  nmethod 0x0000019eb013fd10
Event: 1052.885 Thread 0x0000019ec1ac39e0 flushing  nmethod 0x0000019eb01a2c90
Event: 1052.885 Thread 0x0000019ec1ac39e0 flushing osr nmethod 0x0000019eb0285090
Event: 1052.885 Thread 0x0000019ec1ac39e0 flushing  nmethod 0x0000019eb02b7a10
Event: 1052.885 Thread 0x0000019ec1ac39e0 flushing  nmethod 0x0000019eb02bba10
Event: 1052.885 Thread 0x0000019ec1ac39e0 flushing  nmethod 0x0000019eb02bd810

Events (20 events):
Event: 1020.820 Thread 0x0000019f113fb380 Thread exited: 0x0000019f113fb380
Event: 1045.005 Thread 0x0000019f0ba468f0 Thread exited: 0x0000019f0ba468f0
Event: 1050.669 Thread 0x0000019f0c92a360 Thread added: 0x0000019f0ba468f0
Event: 1056.993 Thread 0x0000019f04ac13e0 Thread added: 0x0000019f113fba50
Event: 1057.456 Thread 0x0000019f113fba50 Thread exited: 0x0000019f113fba50
Event: 1074.307 Thread 0x0000019f04ac13e0 Thread added: 0x0000019f113fc7f0
Event: 1074.501 Thread 0x0000019f113fc7f0 Thread exited: 0x0000019f113fc7f0
Event: 1080.842 Thread 0x0000019f04ac13e0 Thread added: 0x0000019f11d25920
Event: 1081.844 Thread 0x0000019f11d25920 Thread exited: 0x0000019f11d25920
Event: 1136.434 Thread 0x0000019f04abfeb0 Thread added: 0x0000019f11d25920
Event: 1136.987 Thread 0x0000019f11d25920 Thread exited: 0x0000019f11d25920
Event: 1183.184 Thread 0x0000019f04ac13e0 Thread added: 0x0000019f11d25920
Event: 1183.470 Thread 0x0000019f11d25920 Thread exited: 0x0000019f11d25920
Event: 1196.422 Thread 0x0000019f0ba468f0 Thread exited: 0x0000019f0ba468f0
Event: 1203.846 Thread 0x0000019f0cc139d0 Thread exited: 0x0000019f0cc139d0
Event: 1278.095 Thread 0x0000019f0ba42de0 Thread added: 0x0000019f0ba489c0
Event: 1278.095 Thread 0x0000019f0ba489c0 Thread exited: 0x0000019f0ba489c0
Event: 1278.102 Thread 0x0000019f0ba42de0 Thread added: 0x0000019f0ba489c0
Event: 1278.102 Thread 0x0000019f0ba489c0 Thread exited: 0x0000019f0ba489c0
Event: 1304.112 Thread 0x0000019f04ac13e0 Thread added: 0x0000019f0bb1a250


Dynamic libraries:
0x00007ff666010000 - 0x00007ff66601e000 	c:\Users\dell\.vscode\extensions\redhat.java-1.46.0-win32-x64\jre\21.0.8-win32-x86_64\bin\java.exe
0x00007ff91c2e0000 - 0x00007ff91c548000 	C:\WINDOWS\SYSTEM32\ntdll.dll
0x00007ff91ac40000 - 0x00007ff91ad09000 	C:\WINDOWS\System32\KERNEL32.DLL
0x00007ff919820000 - 0x00007ff919c12000 	C:\WINDOWS\System32\KERNELBASE.dll
0x00007ff919ce0000 - 0x00007ff919e2b000 	C:\WINDOWS\System32\ucrtbase.dll
0x00007ff9103c0000 - 0x00007ff9103de000 	c:\Users\dell\.vscode\extensions\redhat.java-1.46.0-win32-x64\jre\21.0.8-win32-x86_64\bin\VCRUNTIME140.dll
0x00007ff90f3c0000 - 0x00007ff90f3d8000 	c:\Users\dell\.vscode\extensions\redhat.java-1.46.0-win32-x64\jre\21.0.8-win32-x86_64\bin\jli.dll
0x00007ff91a1d0000 - 0x00007ff91a395000 	C:\WINDOWS\System32\USER32.dll
0x00007ff919500000 - 0x00007ff919527000 	C:\WINDOWS\System32\win32u.dll
0x00007ff91a850000 - 0x00007ff91a87b000 	C:\WINDOWS\System32\GDI32.dll
0x00007ff919f80000 - 0x00007ff91a0ad000 	C:\WINDOWS\System32\gdi32full.dll
0x00007ff8fe850000 - 0x00007ff8feae3000 	C:\WINDOWS\WinSxS\amd64_microsoft.windows.common-controls_6595b64144ccf1df_6.0.26100.6899_none_3e0efeeae32e88c1\COMCTL32.dll
0x00007ff919ed0000 - 0x00007ff919f73000 	C:\WINDOWS\System32\msvcp_win.dll
0x00007ff91c1f0000 - 0x00007ff91c299000 	C:\WINDOWS\System32\msvcrt.dll
0x00007ff91a6e0000 - 0x00007ff91a70f000 	C:\WINDOWS\System32\IMM32.DLL
0x00007ff90f380000 - 0x00007ff90f38c000 	c:\Users\dell\.vscode\extensions\redhat.java-1.46.0-win32-x64\jre\21.0.8-win32-x86_64\bin\vcruntime140_1.dll
0x00007ff8e0d60000 - 0x00007ff8e0ded000 	c:\Users\dell\.vscode\extensions\redhat.java-1.46.0-win32-x64\jre\21.0.8-win32-x86_64\bin\msvcp140.dll
0x00007ff845860000 - 0x00007ff8465f7000 	c:\Users\dell\.vscode\extensions\redhat.java-1.46.0-win32-x64\jre\21.0.8-win32-x86_64\bin\server\jvm.dll
0x00007ff91c0a0000 - 0x00007ff91c154000 	C:\WINDOWS\System32\ADVAPI32.dll
0x00007ff91b780000 - 0x00007ff91b826000 	C:\WINDOWS\System32\sechost.dll
0x00007ff91a0b0000 - 0x00007ff91a1c8000 	C:\WINDOWS\System32\RPCRT4.dll
0x00007ff91bfb0000 - 0x00007ff91c024000 	C:\WINDOWS\System32\WS2_32.dll
0x00007ff9192d0000 - 0x00007ff91932e000 	C:\WINDOWS\SYSTEM32\POWRPROF.dll
0x00007ff906610000 - 0x00007ff906645000 	C:\WINDOWS\SYSTEM32\WINMM.dll
0x00007ff910470000 - 0x00007ff91047b000 	C:\WINDOWS\SYSTEM32\VERSION.dll
0x00007ff9192b0000 - 0x00007ff9192c4000 	C:\WINDOWS\SYSTEM32\UMPDC.dll
0x00007ff918200000 - 0x00007ff91821b000 	C:\WINDOWS\SYSTEM32\kernel.appcore.dll
0x00007ff9069e0000 - 0x00007ff9069ea000 	c:\Users\dell\.vscode\extensions\redhat.java-1.46.0-win32-x64\jre\21.0.8-win32-x86_64\bin\jimage.dll
0x00007ff916ce0000 - 0x00007ff916f22000 	C:\WINDOWS\SYSTEM32\DBGHELP.DLL
0x00007ff91b260000 - 0x00007ff91b5db000 	C:\WINDOWS\System32\combase.dll
0x00007ff91a880000 - 0x00007ff91a957000 	C:\WINDOWS\System32\OLEAUT32.dll
0x00007ff8fa8f0000 - 0x00007ff8fa92c000 	C:\WINDOWS\SYSTEM32\dbgcore.DLL
0x00007ff919e30000 - 0x00007ff919ec8000 	C:\WINDOWS\System32\bcryptPrimitives.dll
0x00007ff9069d0000 - 0x00007ff9069df000 	c:\Users\dell\.vscode\extensions\redhat.java-1.46.0-win32-x64\jre\21.0.8-win32-x86_64\bin\instrument.dll
0x00007ff8f75f0000 - 0x00007ff8f760f000 	c:\Users\dell\.vscode\extensions\redhat.java-1.46.0-win32-x64\jre\21.0.8-win32-x86_64\bin\java.dll
0x00007ff91b830000 - 0x00007ff91bf7d000 	C:\WINDOWS\System32\SHELL32.dll
0x00007ff919530000 - 0x00007ff91969b000 	C:\WINDOWS\System32\wintypes.dll
0x00007ff917080000 - 0x00007ff9178dd000 	C:\WINDOWS\SYSTEM32\windows.storage.dll
0x00007ff91a730000 - 0x00007ff91a822000 	C:\WINDOWS\System32\SHCORE.dll
0x00007ff91a580000 - 0x00007ff91a5e2000 	C:\WINDOWS\System32\shlwapi.dll
0x00007ff919390000 - 0x00007ff9193b9000 	C:\WINDOWS\SYSTEM32\profapi.dll
0x00007ff8f75d0000 - 0x00007ff8f75e8000 	c:\Users\dell\.vscode\extensions\redhat.java-1.46.0-win32-x64\jre\21.0.8-win32-x86_64\bin\zip.dll
0x00007ff906030000 - 0x00007ff906040000 	C:\Users\dell\.vscode\extensions\redhat.java-1.46.0-win32-x64\jre\21.0.8-win32-x86_64\bin\net.dll
0x00007ff911f10000 - 0x00007ff91202f000 	C:\WINDOWS\SYSTEM32\WINHTTP.dll
0x00007ff918750000 - 0x00007ff9187bb000 	C:\WINDOWS\system32\mswsock.dll
0x00007ff8efa70000 - 0x00007ff8efa86000 	C:\Users\dell\.vscode\extensions\redhat.java-1.46.0-win32-x64\jre\21.0.8-win32-x86_64\bin\nio.dll
0x00007ff906000000 - 0x00007ff906010000 	c:\Users\dell\.vscode\extensions\redhat.java-1.46.0-win32-x64\jre\21.0.8-win32-x86_64\bin\verify.dll
0x00007ff8e75d0000 - 0x00007ff8e7614000 	C:\Users\dell\AppData\Roaming\Code\User\globalStorage\redhat.java\1.46.0\config_win\org.eclipse.equinox.launcher\org.eclipse.equinox.launcher.win32.win32.x86_64_1.2.1400.v20250801-0854\eclipse_11916.dll
0x00007ff91b5e0000 - 0x00007ff91b778000 	C:\WINDOWS\System32\ole32.dll
0x00007ff918b30000 - 0x00007ff918b4b000 	C:\WINDOWS\SYSTEM32\CRYPTSP.dll
0x00007ff918160000 - 0x00007ff91819b000 	C:\WINDOWS\system32\rsaenh.dll
0x00007ff9187f0000 - 0x00007ff91881b000 	C:\WINDOWS\SYSTEM32\USERENV.dll
0x00007ff919360000 - 0x00007ff919386000 	C:\WINDOWS\SYSTEM32\bcrypt.dll
0x00007ff918990000 - 0x00007ff91899c000 	C:\WINDOWS\SYSTEM32\CRYPTBASE.dll
0x00007ff917c00000 - 0x00007ff917c34000 	C:\WINDOWS\SYSTEM32\IPHLPAPI.DLL
0x00007ff91a840000 - 0x00007ff91a84a000 	C:\WINDOWS\System32\NSI.dll
0x00007ff8efa20000 - 0x00007ff8efa69000 	C:\Users\dell\AppData\Local\Temp\jna-3079617\jna16782918307749452606.dll
0x00007ff91a720000 - 0x00007ff91a728000 	C:\WINDOWS\System32\PSAPI.DLL
0x00007ff9129a0000 - 0x00007ff9129be000 	C:\WINDOWS\SYSTEM32\dhcpcsvc6.DLL
0x00007ff9121c0000 - 0x00007ff9121e3000 	C:\WINDOWS\SYSTEM32\dhcpcsvc.DLL
0x00007ff9143a0000 - 0x00007ff9143ae000 	C:\Users\dell\.vscode\extensions\redhat.java-1.46.0-win32-x64\jre\21.0.8-win32-x86_64\bin\sunmscapi.dll
0x00007ff9196a0000 - 0x00007ff919817000 	C:\WINDOWS\System32\CRYPT32.dll
0x00007ff918c80000 - 0x00007ff918cb0000 	C:\WINDOWS\SYSTEM32\ncrypt.dll
0x00007ff918c30000 - 0x00007ff918c6f000 	C:\WINDOWS\SYSTEM32\NTASN1.dll
0x00007ff883980000 - 0x00007ff883988000 	C:\WINDOWS\system32\wshunix.dll
0x00007ff9103b0000 - 0x00007ff9103b9000 	C:\Users\dell\.vscode\extensions\redhat.java-1.46.0-win32-x64\jre\21.0.8-win32-x86_64\bin\extnet.dll
0x00007ff917c40000 - 0x00007ff917d66000 	C:\WINDOWS\SYSTEM32\DNSAPI.dll
0x00007ff910cc0000 - 0x00007ff910ccb000 	C:\Windows\System32\rasadhlp.dll
0x00007ff913040000 - 0x00007ff9130c6000 	C:\WINDOWS\System32\fwpuclnt.dll

JVMTI agents:
c:\Users\dell\.vscode\extensions\redhat.java-1.46.0-win32-x64\lombok\lombok-1.18.39-4050.jar path:c:\Users\dell\.vscode\extensions\redhat.java-1.46.0-win32-x64\jre\21.0.8-win32-x86_64\bin\instrument.dll, loaded, initialized, instrumentlib options:none

dbghelp: loaded successfully - version: 4.0.5 - missing functions: none
symbol engine: initialized successfully - sym options: 0x614 - pdb path: .;c:\Users\dell\.vscode\extensions\redhat.java-1.46.0-win32-x64\jre\21.0.8-win32-x86_64\bin;C:\WINDOWS\SYSTEM32;C:\WINDOWS\WinSxS\amd64_microsoft.windows.common-controls_6595b64144ccf1df_6.0.26100.6899_none_3e0efeeae32e88c1;c:\Users\dell\.vscode\extensions\redhat.java-1.46.0-win32-x64\jre\21.0.8-win32-x86_64\bin\server;C:\Users\dell\AppData\Roaming\Code\User\globalStorage\redhat.java\1.46.0\config_win\org.eclipse.equinox.launcher\org.eclipse.equinox.launcher.win32.win32.x86_64_1.2.1400.v20250801-0854;C:\Users\dell\AppData\Local\Temp\jna-3079617

VM Arguments:
jvm_args: --add-modules=ALL-SYSTEM --add-opens=java.base/java.util=ALL-UNNAMED --add-opens=java.base/java.lang=ALL-UNNAMED --add-opens=java.base/sun.nio.fs=ALL-UNNAMED -Declipse.application=org.eclipse.jdt.ls.core.id1 -Dosgi.bundles.defaultStartLevel=4 -Declipse.product=org.eclipse.jdt.ls.core.product -Djava.import.generatesMetadataFilesAtProjectRoot=false -DDetectVMInstallationsJob.disabled=true -Dfile.encoding=utf8 -XX:+UseParallelGC -XX:GCTimeRatio=4 -XX:AdaptiveSizePolicyWeight=90 -Dsun.zip.disableMemoryMapping=true -Xmx2G -Xms100m -Xlog:disable -javaagent:c:\Users\dell\.vscode\extensions\redhat.java-1.46.0-win32-x64\lombok\lombok-1.18.39-4050.jar -XX:+HeapDumpOnOutOfMemoryError -XX:HeapDumpPath=c:\Users\dell\AppData\Roaming\Code\User\workspaceStorage\a2633e6298ef981e4196ce54b3c42e0d\redhat.java -Daether.dependencyCollector.impl=bf 
java_command: c:\Users\dell\.vscode\extensions\redhat.java-1.46.0-win32-x64\server\plugins\org.eclipse.equinox.launcher_1.7.0.v20250519-0528.jar -configuration c:\Users\dell\AppData\Roaming\Code\User\globalStorage\redhat.java\1.46.0\config_win -data c:\Users\dell\AppData\Roaming\Code\User\workspaceStorage\a2633e6298ef981e4196ce54b3c42e0d\redhat.java\jdt_ws --pipe=\\.\pipe\lsp-fe1455f9aedd838cfd1c8d56a8dafe3b-sock
java_class_path (initial): c:\Users\dell\.vscode\extensions\redhat.java-1.46.0-win32-x64\server\plugins\org.eclipse.equinox.launcher_1.7.0.v20250519-0528.jar
Launcher Type: SUN_STANDARD

[Global flags]
    uintx AdaptiveSizePolicyWeight                 = 90                                        {product} {command line}
     intx CICompilerCount                          = 4                                         {product} {ergonomic}
    uintx GCTimeRatio                              = 4                                         {product} {command line}
     bool HeapDumpOnOutOfMemoryError               = true                                   {manageable} {command line}
    ccstr HeapDumpPath                             = c:\Users\dell\AppData\Roaming\Code\User\workspaceStorage\a2633e6298ef981e4196ce54b3c42e0d\redhat.java         {manageable} {command line}
   size_t InitialHeapSize                          = 104857600                                 {product} {command line}
   size_t MaxHeapSize                              = 2147483648                                {product} {command line}
   size_t MaxNewSize                               = 715653120                                 {product} {ergonomic}
   size_t MinHeapDeltaBytes                        = 524288                                    {product} {ergonomic}
   size_t MinHeapSize                              = 104857600                                 {product} {command line}
   size_t NewSize                                  = 34603008                                  {product} {ergonomic}
    uintx NonNMethodCodeHeapSize                   = 5839372                                {pd product} {ergonomic}
    uintx NonProfiledCodeHeapSize                  = 122909434                              {pd product} {ergonomic}
   size_t OldSize                                  = 70254592                                  {product} {ergonomic}
    uintx ProfiledCodeHeapSize                     = 122909434                              {pd product} {ergonomic}
    uintx ReservedCodeCacheSize                    = 251658240                              {pd product} {ergonomic}
     bool SegmentedCodeCache                       = true                                      {product} {ergonomic}
   size_t SoftMaxHeapSize                          = 2147483648                             {manageable} {ergonomic}
     bool UseCompressedOops                        = true                           {product lp64_product} {ergonomic}
     bool UseLargePagesIndividualAllocation        = false                                  {pd product} {ergonomic}
     bool UseParallelGC                            = true                                      {product} {command line}

Logging:
Log output configuration:
 #0: stdout all=off uptime,level,tags foldmultilines=false
 #1: stderr all=off uptime,level,tags foldmultilines=false

Environment Variables:
PATH=C:\Program Files\Common Files\Oracle\Java\javapath;C:\Windows\system32;C:\Windows;C:\Windows\System32\Wbem;C:\Windows\System32\WindowsPowerShell\v1.0\;C:\Windows\System32\OpenSSH\;C:\Program Files (x86)\NVIDIA Corporation\PhysX\Common;C:\Program Files\dotnet\;C:\WINDOWS\system32;C:\WINDOWS;C:\WINDOWS\System32\Wbem;C:\WINDOWS\System32\WindowsPowerShell\v1.0\;C:\WINDOWS\System32\OpenSSH\;C:\msys64\mingw64\bin;C:\Program Files\Git\cmd;C:\Program Files (x86)\Windows Kits\10\Windows Performance Toolkit\;C:\Program Files (x86)\Microsoft SQL Server\160\Tools\Binn\;C:\Program Files\Microsoft SQL Server\160\Tools\Binn\;C:\Program Files\Microsoft SQL Server\Client SDK\ODBC\170\Tools\Binn\;C:\Program Files\Microsoft SQL Server\160\DTS\Binn\;C:\Program Files (x86)\Microsoft SQL Server\160\DTS\Binn\;C:\Program Files\Azure Data Studio\bin;D:\bin;C:\Users\dell\anaconda3\condabin;C:\Users\dell\anaconda3\condabin\conda.bat;C:\Users\dell\.cargo\bin;C:\msys64\ucrt64\bin;C:\Users\dell\AppData\Local\Programs\Microsoft VS Code\bin;C:\Program Files\Azure Data Studio\bin;C:\Users\dell\AppData\Local\Microsoft\WindowsApps;
USERNAME=dell
OS=Windows_NT
PROCESSOR_IDENTIFIER=Intel64 Family 6 Model 158 Stepping 10, GenuineIntel
TMP=C:\Users\dell\AppData\Local\Temp
TEMP=C:\Users\dell\AppData\Local\Temp




Periodic native trim disabled

---------------  S Y S T E M  ---------------

OS:
 Windows 11 , 64 bit Build 26100 (10.0.26100.6725)
OS uptime: 7 days 6:23 hours
Hyper-V role detected

CPU: total 12 (initial active 12) (6 cores per cpu, 2 threads per core) family 6 model 158 stepping 10 microcode 0xf0, cx8, cmov, fxsr, ht, mmx, 3dnowpref, sse, sse2, sse3, ssse3, sse4.1, sse4.2, popcnt, lzcnt, tsc, tscinvbit, avx, avx2, aes, erms, clmul, bmi1, bmi2, rtm, adx, fma, vzeroupper, clflush, clflushopt, hv, rdtscp, f16c
Processor Information for the first 12 processors :
  Max Mhz: 2592, Current Mhz: 2592, Mhz Limit: 2592

Memory: 4k page, system-wide physical 16094M (1986M free)
TotalPageFile size 23647M (AvailPageFile size 0M)
current process WorkingSet (physical memory assigned to process): 1044M, peak: 1045M
current process commit charge ("private bytes"): 1097M, peak: 1100M

vm_info: OpenJDK 64-Bit Server VM (21.0.8+9-LTS) for windows-amd64 JRE (21.0.8+9-LTS), built on 2025-07-15T00:00:00Z by "admin" with MS VC++ 17.7 (VS2022)

END.
