#
# There is insufficient memory for the Java Runtime Environment to continue.
# Native memory allocation (malloc) failed to allocate 1048576 bytes. Error detail: AllocateHeap
# Possible reasons:
#   The system is out of physical RAM or swap space
#   This process is running with CompressedOops enabled, and the Java Heap may be blocking the growth of the native heap
# Possible solutions:
#   Reduce memory load on the system
#   Increase physical memory or swap space
#   Check if swap backing store is full
#   Decrease Java heap size (-Xmx/-Xms)
#   Decrease number of Java threads
#   Decrease Java thread stack sizes (-Xss)
#   Set larger code cache with -XX:ReservedCodeCacheSize=
#   JVM is running with Unscaled Compressed Oops mode in which the Java heap is
#     placed in the first 4GB address space. The Java Heap base address is the
#     maximum limit for the native heap growth. Please use -XX:HeapBaseMinAddress
#     to set the Java Heap base and to place the Java Heap above 4GB virtual address.
# This output file may be truncated or incomplete.
#
#  Out of Memory Error (allocation.cpp:44), pid=27332, tid=35048
#
# JRE version: OpenJDK Runtime Environment Temurin-21.0.8+9 (21.0.8+9) (build 21.0.8+9-LTS)
# Java VM: OpenJDK 64-Bit Server VM Temurin-21.0.8+9 (21.0.8+9-LTS, mixed mode, sharing, tiered, compressed oops, compressed class ptrs, parallel gc, windows-amd64)
# No core dump will be written. Minidumps are not enabled by default on client versions of Windows
#

---------------  S U M M A R Y ------------

Command Line: --add-modules=ALL-SYSTEM --add-opens=java.base/java.util=ALL-UNNAMED --add-opens=java.base/java.lang=ALL-UNNAMED --add-opens=java.base/sun.nio.fs=ALL-UNNAMED -Declipse.application=org.eclipse.jdt.ls.core.id1 -Dosgi.bundles.defaultStartLevel=4 -Declipse.product=org.eclipse.jdt.ls.core.product -Djava.import.generatesMetadataFilesAtProjectRoot=false -DDetectVMInstallationsJob.disabled=true -Dfile.encoding=utf8 -XX:+UseParallelGC -XX:GCTimeRatio=4 -XX:AdaptiveSizePolicyWeight=90 -Dsun.zip.disableMemoryMapping=true -Xmx2G -Xms100m -Xlog:disable -javaagent:c:\Users\dell\.vscode\extensions\redhat.java-1.46.0-win32-x64\lombok\lombok-1.18.39-4050.jar -XX:+HeapDumpOnOutOfMemoryError -XX:HeapDumpPath=c:\Users\dell\AppData\Roaming\Code\User\workspaceStorage\a2633e6298ef981e4196ce54b3c42e0d\redhat.java -Daether.dependencyCollector.impl=bf c:\Users\dell\.vscode\extensions\redhat.java-1.46.0-win32-x64\server\plugins\org.eclipse.equinox.launcher_1.7.0.v20250519-0528.jar -configuration c:\Users\dell\AppData\Roaming\Code\User\globalStorage\redhat.java\1.46.0\config_win -data c:\Users\dell\AppData\Roaming\Code\User\workspaceStorage\a2633e6298ef981e4196ce54b3c42e0d\redhat.java\jdt_ws --pipe=\\.\pipe\lsp-94c4499b1dd3088b70ad2abafdbadde8-sock

Host: Intel(R) Core(TM) i7-8850H CPU @ 2.60GHz, 12 cores, 15G,  Windows 11 , 64 bit Build 26100 (10.0.26100.6725)
Time: Thu Oct 23 19:14:23 2025 Egypt Daylight Time elapsed time: 3928.056197 seconds (0d 1h 5m 28s)

---------------  T H R E A D  ---------------

Current thread (0x0000017ceb0db7f0):  JavaThread "Attach Listener" daemon [_thread_in_vm, id=35048, stack(0x00000004c9000000,0x00000004c9100000) (1024K)]

Stack: [0x00000004c9000000,0x00000004c9100000]
Native frames: (J=compiled Java code, j=interpreted, Vv=VM code, C=native code)
V  [jvm.dll+0x6d2449]
V  [jvm.dll+0x8ae341]
V  [jvm.dll+0x8b08be]
V  [jvm.dll+0x8b0fa3]
V  [jvm.dll+0x280c96]
V  [jvm.dll+0xc0347]
V  [jvm.dll+0x6d2cf9]
V  [jvm.dll+0x131116]
V  [jvm.dll+0x3f2d16]
V  [jvm.dll+0x857e6b]
V  [jvm.dll+0x6d0b0d]
C  [ucrtbase.dll+0x37b0]
C  [KERNEL32.DLL+0x2e8d7]
C  [ntdll.dll+0x8c53c]


---------------  P R O C E S S  ---------------

Threads class SMR info:
_java_thread_list=0x0000017cf3752ac0, length=53, elements={
0x0000017c9185cb80, 0x0000017ce91fe4d0, 0x0000017ceb0d2990, 0x0000017ceb0daba0,
0x0000017ceb0db7f0, 0x0000017ceb0dd610, 0x0000017ceb0e3130, 0x0000017ceb10a4d0,
0x0000017ceb10af60, 0x0000017ceb208600, 0x0000017ceb451620, 0x0000017ceb970ff0,
0x0000017ceb6ac770, 0x0000017ceb612510, 0x0000017ceb611e80, 0x0000017ceb6138c0,
0x0000017ceb6117f0, 0x0000017ceb613f50, 0x0000017ceb6145e0, 0x0000017cf1e1fed0,
0x0000017cf1e1eb20, 0x0000017cf1e1de00, 0x0000017cf1e1f1b0, 0x0000017cf1e20bf0,
0x0000017cf1e21280, 0x0000017cf1e21910, 0x0000017cf1e1e490, 0x0000017cf1e25420,
0x0000017cf1e24070, 0x0000017cf1e24700, 0x0000017cf1e24d90, 0x0000017cf1e21fa0,
0x0000017cf1e22630, 0x0000017cf1e22cc0, 0x0000017cf1e23350, 0x0000017cf1e239e0,
0x0000017cf28ee180, 0x0000017cf3ca3ce0, 0x0000017cf3ca4a00, 0x0000017cf3ca6ad0,
0x0000017cf3ca4370, 0x0000017cf3ca3650, 0x0000017cf3ca77f0, 0x0000017cf3ca7e80,
0x0000017cf2652d40, 0x0000017cf2651990, 0x0000017cf264f8c0, 0x0000017cf264ff50,
0x0000017cf2653a60, 0x0000017cf26540f0, 0x0000017cf2655b30, 0x0000017cf2654e10,
0x0000017cf26561c0
}

Java Threads: ( => current thread )
  0x0000017c9185cb80 JavaThread "main"                              [_thread_blocked, id=3164, stack(0x00000004c8900000,0x00000004c8a00000) (1024K)]
  0x0000017ce91fe4d0 JavaThread "Reference Handler"          daemon [_thread_blocked, id=36640, stack(0x00000004c8d00000,0x00000004c8e00000) (1024K)]
  0x0000017ceb0d2990 JavaThread "Finalizer"                  daemon [_thread_blocked, id=28148, stack(0x00000004c8e00000,0x00000004c8f00000) (1024K)]
  0x0000017ceb0daba0 JavaThread "Signal Dispatcher"          daemon [_thread_blocked, id=35084, stack(0x00000004c8f00000,0x00000004c9000000) (1024K)]
=>0x0000017ceb0db7f0 JavaThread "Attach Listener"            daemon [_thread_in_vm, id=35048, stack(0x00000004c9000000,0x00000004c9100000) (1024K)]
  0x0000017ceb0dd610 JavaThread "Service Thread"             daemon [_thread_blocked, id=32160, stack(0x00000004c9100000,0x00000004c9200000) (1024K)]
  0x0000017ceb0e3130 JavaThread "Monitor Deflation Thread"   daemon [_thread_blocked, id=14468, stack(0x00000004c9200000,0x00000004c9300000) (1024K)]
  0x0000017ceb10a4d0 JavaThread "C2 CompilerThread0"         daemon [_thread_blocked, id=16816, stack(0x00000004c9300000,0x00000004c9400000) (1024K)]
  0x0000017ceb10af60 JavaThread "C1 CompilerThread0"         daemon [_thread_blocked, id=21384, stack(0x00000004c9400000,0x00000004c9500000) (1024K)]
  0x0000017ceb208600 JavaThread "Common-Cleaner"             daemon [_thread_blocked, id=7424, stack(0x00000004c9500000,0x00000004c9600000) (1024K)]
  0x0000017ceb451620 JavaThread "Notification Thread"        daemon [_thread_blocked, id=42172, stack(0x00000004c9700000,0x00000004c9800000) (1024K)]
  0x0000017ceb970ff0 JavaThread "Active Thread: Equinox Container: ba4bf3dd-4b31-47da-8079-9b7de96721bd"        [_thread_blocked, id=40804, stack(0x00000004ca500000,0x00000004ca600000) (1024K)]
  0x0000017ceb6ac770 JavaThread "Framework Event Dispatcher: Equinox Container: ba4bf3dd-4b31-47da-8079-9b7de96721bd" daemon [_thread_blocked, id=33812, stack(0x00000004c9600000,0x00000004c9700000) (1024K)]
  0x0000017ceb612510 JavaThread "Start Level: Equinox Container: ba4bf3dd-4b31-47da-8079-9b7de96721bd" daemon [_thread_blocked, id=32788, stack(0x00000004c9800000,0x00000004c9900000) (1024K)]
  0x0000017ceb611e80 JavaThread "Refresh Thread: Equinox Container: ba4bf3dd-4b31-47da-8079-9b7de96721bd" daemon [_thread_blocked, id=16056, stack(0x00000004ca900000,0x00000004caa00000) (1024K)]
  0x0000017ceb6138c0 JavaThread "Bundle File Closer"         daemon [_thread_blocked, id=25768, stack(0x00000004ca700000,0x00000004ca800000) (1024K)]
  0x0000017ceb6117f0 JavaThread "SCR Component Actor"        daemon [_thread_blocked, id=32728, stack(0x00000004c9f00000,0x00000004ca000000) (1024K)]
  0x0000017ceb613f50 JavaThread "Worker-JM"                         [_thread_blocked, id=40732, stack(0x00000004ca100000,0x00000004ca200000) (1024K)]
  0x0000017ceb6145e0 JavaThread "Java indexing"              daemon [_thread_blocked, id=6496, stack(0x00000004ca800000,0x00000004ca900000) (1024K)]
  0x0000017cf1e1fed0 JavaThread "JNA Cleaner"                daemon [_thread_blocked, id=25296, stack(0x00000004cac00000,0x00000004cad00000) (1024K)]
  0x0000017cf1e1eb20 JavaThread "Worker-4"                          [_thread_blocked, id=25744, stack(0x00000004cb200000,0x00000004cb300000) (1024K)]
  0x0000017cf1e1de00 JavaThread "Thread-1"                   daemon [_thread_in_native, id=12672, stack(0x00000004cb400000,0x00000004cb500000) (1024K)]
  0x0000017cf1e1f1b0 JavaThread "Thread-2"                   daemon [_thread_in_native, id=15744, stack(0x00000004cb500000,0x00000004cb600000) (1024K)]
  0x0000017cf1e20bf0 JavaThread "Thread-3"                   daemon [_thread_in_native, id=41132, stack(0x00000004cb600000,0x00000004cb700000) (1024K)]
  0x0000017cf1e21280 JavaThread "Thread-4"                   daemon [_thread_in_native, id=41024, stack(0x00000004cb700000,0x00000004cb800000) (1024K)]
  0x0000017cf1e21910 JavaThread "Thread-5"                   daemon [_thread_in_native, id=28028, stack(0x00000004cb800000,0x00000004cb900000) (1024K)]
  0x0000017cf1e1e490 JavaThread "Thread-6"                   daemon [_thread_in_native, id=33588, stack(0x00000004cb900000,0x00000004cba00000) (1024K)]
  0x0000017cf1e25420 JavaThread "Thread-7"                   daemon [_thread_in_native, id=38176, stack(0x00000004cba00000,0x00000004cbb00000) (1024K)]
  0x0000017cf1e24070 JavaThread "Thread-8"                   daemon [_thread_in_native, id=19020, stack(0x00000004cbb00000,0x00000004cbc00000) (1024K)]
  0x0000017cf1e24700 JavaThread "Thread-9"                   daemon [_thread_in_native, id=16240, stack(0x00000004cbc00000,0x00000004cbd00000) (1024K)]
  0x0000017cf1e24d90 JavaThread "Thread-10"                  daemon [_thread_in_native, id=42188, stack(0x00000004cbd00000,0x00000004cbe00000) (1024K)]
  0x0000017cf1e21fa0 JavaThread "Thread-11"                  daemon [_thread_in_native, id=9320, stack(0x00000004cbe00000,0x00000004cbf00000) (1024K)]
  0x0000017cf1e22630 JavaThread "Thread-12"                  daemon [_thread_in_native, id=35208, stack(0x00000004cbf00000,0x00000004cc000000) (1024K)]
  0x0000017cf1e22cc0 JavaThread "Thread-13"                  daemon [_thread_in_native, id=7188, stack(0x00000004cc000000,0x00000004cc100000) (1024K)]
  0x0000017cf1e23350 JavaThread "pool-2-thread-1"                   [_thread_blocked, id=21744, stack(0x00000004cc100000,0x00000004cc200000) (1024K)]
  0x0000017cf1e239e0 JavaThread "WorkspaceEventsHandler"            [_thread_blocked, id=8572, stack(0x00000004cc200000,0x00000004cc300000) (1024K)]
  0x0000017cf28ee180 JavaThread "pool-1-thread-1"                   [_thread_blocked, id=24488, stack(0x00000004cc300000,0x00000004cc400000) (1024K)]
  0x0000017cf3ca3ce0 JavaThread "Cleaner-0"                  daemon [_thread_blocked, id=35068, stack(0x00000004ca300000,0x00000004ca400000) (1024K)]
  0x0000017cf3ca4a00 JavaThread "ForkJoinPool.commonPool-worker-13" daemon [_thread_blocked, id=40660, stack(0x00000004c8700000,0x00000004c8800000) (1024K)]
  0x0000017cf3ca6ad0 JavaThread "ForkJoinPool.commonPool-worker-14" daemon [_thread_blocked, id=28688, stack(0x00000004c8800000,0x00000004c8900000) (1024K)]
  0x0000017cf3ca4370 JavaThread "ForkJoinPool.commonPool-worker-15" daemon [_thread_blocked, id=35000, stack(0x00000004ca000000,0x00000004ca100000) (1024K)]
  0x0000017cf3ca3650 JavaThread "ForkJoinPool.commonPool-worker-16" daemon [_thread_blocked, id=41756, stack(0x00000004ca200000,0x00000004ca300000) (1024K)]
  0x0000017cf3ca77f0 JavaThread "ForkJoinPool.commonPool-worker-17" daemon [_thread_blocked, id=39576, stack(0x00000004caa00000,0x00000004cab00000) (1024K)]
  0x0000017cf3ca7e80 JavaThread "Worker-8"                          [_thread_blocked, id=25632, stack(0x00000004cae00000,0x00000004caf00000) (1024K)]
  0x0000017cf2652d40 JavaThread "ForkJoinPool.commonPool-worker-18" daemon [_thread_blocked, id=520, stack(0x00000004cc400000,0x00000004cc500000) (1024K)]
  0x0000017cf2651990 JavaThread "ForkJoinPool.commonPool-worker-19" daemon [_thread_blocked, id=19388, stack(0x00000004caf00000,0x00000004cb000000) (1024K)]
  0x0000017cf264f8c0 JavaThread "ForkJoinPool.commonPool-worker-20" daemon [_thread_blocked, id=12588, stack(0x00000004cc600000,0x00000004cc700000) (1024K)]
  0x0000017cf264ff50 JavaThread "ForkJoinPool.commonPool-worker-22" daemon [_thread_blocked, id=39712, stack(0x00000004ccc00000,0x00000004ccd00000) (1024K)]
  0x0000017cf2653a60 JavaThread "ForkJoinPool.commonPool-worker-23" daemon [_thread_blocked, id=39228, stack(0x00000004ccd00000,0x00000004cce00000) (1024K)]
  0x0000017cf26540f0 JavaThread "Compiler Source File Reader" daemon [_thread_blocked, id=10516, stack(0x00000004cce00000,0x00000004ccf00000) (1024K)]
  0x0000017cf2655b30 JavaThread "Compiler Source File Reader" daemon [_thread_blocked, id=10888, stack(0x00000004ca400000,0x00000004ca500000) (1024K)]
  0x0000017cf2654e10 JavaThread "Compiler Source File Reader" daemon [_thread_blocked, id=20300, stack(0x00000004cd000000,0x00000004cd100000) (1024K)]
  0x0000017cf26561c0 JavaThread "Compiler Source File Reader" daemon [_thread_blocked, id=25092, stack(0x00000004cd100000,0x00000004cd200000) (1024K)]
Total: 53

Other Threads:
  0x0000017ce91e4560 VMThread "VM Thread"                           [id=42704, stack(0x00000004c8c00000,0x00000004c8d00000) (1024K)]
  0x0000017ce90dc8d0 WatcherThread "VM Periodic Task Thread"        [id=25140, stack(0x00000004c8b00000,0x00000004c8c00000) (1024K)]
  0x0000017c9187b1a0 WorkerThread "GC Thread#0"                     [id=30360, stack(0x00000004c8a00000,0x00000004c8b00000) (1024K)]
  0x0000017ceb7c5550 WorkerThread "GC Thread#1"                     [id=14948, stack(0x00000004c9900000,0x00000004c9a00000) (1024K)]
  0x0000017ceb45c540 WorkerThread "GC Thread#2"                     [id=34528, stack(0x00000004c9a00000,0x00000004c9b00000) (1024K)]
  0x0000017ceb45c8e0 WorkerThread "GC Thread#3"                     [id=28876, stack(0x00000004c9b00000,0x00000004c9c00000) (1024K)]
  0x0000017ceb45cc80 WorkerThread "GC Thread#4"                     [id=27800, stack(0x00000004c9c00000,0x00000004c9d00000) (1024K)]
  0x0000017ceb45d020 WorkerThread "GC Thread#5"                     [id=20412, stack(0x00000004c9d00000,0x00000004c9e00000) (1024K)]
  0x0000017ceb45d3c0 WorkerThread "GC Thread#6"                     [id=38852, stack(0x00000004c9e00000,0x00000004c9f00000) (1024K)]
  0x0000017cf01f5280 WorkerThread "GC Thread#7"                     [id=30156, stack(0x00000004ca600000,0x00000004ca700000) (1024K)]
  0x0000017cf096de20 WorkerThread "GC Thread#8"                     [id=35352, stack(0x00000004cb000000,0x00000004cb100000) (1024K)]
  0x0000017cf096e1c0 WorkerThread "GC Thread#9"                     [id=4592, stack(0x00000004cb100000,0x00000004cb200000) (1024K)]
Total: 12

Threads with active compile tasks:
Total: 0

VM state: not at safepoint (normal execution)

VM Mutex/Monitor currently owned by a thread: None

Heap address: 0x0000000080000000, size: 2048 MB, Compressed Oops mode: 32-bit

CDS archive(s) mapped at: [0x0000017ca8000000-0x0000017ca8ba0000-0x0000017ca8ba0000), size 12189696, SharedBaseAddress: 0x0000017ca8000000, ArchiveRelocationMode: 1.
Compressed class space mapped at: 0x0000017ca9000000-0x0000017ce9000000, reserved size: 1073741824
Narrow klass base: 0x0000017ca8000000, Narrow klass shift: 0, Narrow klass range: 0x100000000

GC Precious Log:
 CardTable entry size: 512
 CPUs: 12 total, 12 available
 Memory: 16094M
 Large Page Support: Disabled
 NUMA Support: Disabled
 Compressed Oops: Enabled (32-bit)
 Alignments: Space 512K, Generation 512K, Heap 2M
 Heap Min Capacity: 100M
 Heap Initial Capacity: 100M
 Heap Max Capacity: 2G
 Pre-touch: Disabled
 Parallel Workers: 10

Heap:
 PSYoungGen      total 3584K, used 2511K [0x00000000d5580000, 0x00000000d5c00000, 0x0000000100000000)
  eden space 3072K, 75% used [0x00000000d5580000,0x00000000d57c3e60,0x00000000d5880000)
  from space 512K, 37% used [0x00000000d5b00000,0x00000000d5b30000,0x00000000d5b80000)
  to   space 512K, 0% used [0x00000000d5b80000,0x00000000d5b80000,0x00000000d5c00000)
 ParOldGen       total 616448K, used 134364K [0x0000000080000000, 0x00000000a5a00000, 0x00000000d5580000)
  object space 616448K, 21% used [0x0000000080000000,0x0000000088337270,0x00000000a5a00000)
 Metaspace       used 88582K, committed 90176K, reserved 1179648K
  class space    used 9396K, committed 10176K, reserved 1048576K

Card table byte_map: [0x0000017c91110000,0x0000017c91520000] _byte_map_base: 0x0000017c90d10000

Marking Bits: (ParMarkBitMap*) 0x00007ff84651a340
 Begin Bits: [0x0000017ca3a50000, 0x0000017ca5a50000)
 End Bits:   [0x0000017ca5a50000, 0x0000017ca7a50000)

Polling page: 0x0000017c8f3d0000

Metaspace:

Usage:
  Non-class:     77.33 MB used.
      Class:      9.18 MB used.
       Both:     86.51 MB used.

Virtual space:
  Non-class space:      128.00 MB reserved,      78.12 MB ( 61%) committed,  2 nodes.
      Class space:        1.00 GB reserved,       9.94 MB ( <1%) committed,  1 nodes.
             Both:        1.12 GB reserved,      88.06 MB (  8%) committed. 

Chunk freelists:
   Non-Class:  1.25 MB
       Class:  6.05 MB
        Both:  7.31 MB

MaxMetaspaceSize: unlimited
CompressedClassSpaceSize: 1.00 GB
Initial GC threshold: 21.00 MB
Current GC threshold: 145.00 MB
CDS: on
 - commit_granule_bytes: 65536.
 - commit_granule_words: 8192.
 - virtual_space_node_default_size: 8388608.
 - enlarge_chunks_in_place: 1.
 - use_allocation_guard: 0.


Internal statistics:

num_allocs_failed_limit: 9.
num_arena_births: 1644.
num_arena_deaths: 400.
num_vsnodes_births: 3.
num_vsnodes_deaths: 0.
num_space_committed: 1409.
num_space_uncommitted: 0.
num_chunks_returned_to_freelist: 490.
num_chunks_taken_from_freelist: 5875.
num_chunk_merges: 135.
num_chunk_splits: 3428.
num_chunks_enlarged: 1990.
num_inconsistent_stats: 0.

CodeHeap 'non-profiled nmethods': size=120000Kb used=13929Kb max_used=13929Kb free=106070Kb
 bounds [0x0000017c9c520000, 0x0000017c9d2c0000, 0x0000017ca3a50000]
CodeHeap 'profiled nmethods': size=120000Kb used=38354Kb max_used=38354Kb free=81645Kb
 bounds [0x0000017c94a50000, 0x0000017c97000000, 0x0000017c9bf80000]
CodeHeap 'non-nmethods': size=5760Kb used=1535Kb max_used=1618Kb free=4225Kb
 bounds [0x0000017c9bf80000, 0x0000017c9c1f0000, 0x0000017c9c520000]
CodeCache: size=245760Kb, used=53818Kb, max_used=53901Kb, free=191940Kb
 total_blobs=16939, nmethods=16075, adapters=765, full_count=0
Compilation: enabled, stopped_count=0, restarted_count=0

Compilation events (20 events):
Event: 3918.659 Thread 0x0000017ceb10af60 nmethod 17861 0x0000017c9589a810 code [0x0000017c9589aa20, 0x0000017c9589b030]
Event: 3918.659 Thread 0x0000017ceb10af60 17860       3       org.eclipse.jdt.internal.core.CompilationUnit::getPackageName (24 bytes)
Event: 3918.659 Thread 0x0000017ceb10af60 nmethod 17860 0x0000017c9589a210 code [0x0000017c9589a3e0, 0x0000017c9589a710]
Event: 3918.663 Thread 0x0000017ceb10af60 17862       3       org.eclipse.jdt.internal.compiler.lookup.LocalVariableBinding::isSecret (24 bytes)
Event: 3918.664 Thread 0x0000017ceb10af60 nmethod 17862 0x0000017c95899e10 code [0x0000017c95899fc0, 0x0000017c9589a178]
Event: 3918.664 Thread 0x0000017ceb10af60 17863       1       org.eclipse.jdt.core.dom.LineComment::getNodeType0 (3 bytes)
Event: 3918.664 Thread 0x0000017ceb10af60 nmethod 17863 0x0000017c9d2b5d10 code [0x0000017c9d2b5ea0, 0x0000017c9d2b5f68]
Event: 3918.664 Thread 0x0000017ceb10af60 17865   !   3       org.eclipse.jdt.core.dom.ASTConverter::retrieveEndOfElementTypeNamePosition (197 bytes)
Event: 3918.665 Thread 0x0000017ceb10af60 nmethod 17865 0x0000017c95898e90 code [0x0000017c958990a0, 0x0000017c95899a40]
Event: 3918.665 Thread 0x0000017ceb10af60 17864       3       org.eclipse.jdt.core.dom.ASTConverter::isPrimitiveType (433 bytes)
Event: 3918.666 Thread 0x0000017ceb10af60 nmethod 17864 0x0000017c955e2510 code [0x0000017c955e2800, 0x0000017c955e3998]
Event: 3918.666 Thread 0x0000017ceb10af60 17868       3       org.eclipse.jdt.internal.corext.dom.ASTNodes::instanceOf (47 bytes)
Event: 3918.667 Thread 0x0000017ceb10af60 nmethod 17868 0x0000017c95898810 code [0x0000017c958989e0, 0x0000017c95898cf0]
Event: 3918.667 Thread 0x0000017ceb10af60 17866       3       org.eclipse.jdt.core.dom.SimpleType::internalAnnotationsProperty (4 bytes)
Event: 3918.667 Thread 0x0000017ceb10af60 nmethod 17866 0x0000017c9591d210 code [0x0000017c9591d3a0, 0x0000017c9591d4b8]
Event: 3918.667 Thread 0x0000017ceb10af60 17867       1       org.eclipse.jdt.internal.corext.dom.Selection::getLength (5 bytes)
Event: 3918.667 Thread 0x0000017ceb10af60 nmethod 17867 0x0000017c9d2b6010 code [0x0000017c9d2b61a0, 0x0000017c9d2b6268]
Event: 3918.676 Thread 0x0000017ceb10a4d0 nmethod 17854 0x0000017c9d2b6310 code [0x0000017c9d2b6600, 0x0000017c9d2b75a0]
Event: 3918.676 Thread 0x0000017ceb10a4d0 17856       4       org.eclipse.core.internal.preferences.RootPreferences::getNode (135 bytes)
Event: 3918.700 Thread 0x0000017ceb10a4d0 nmethod 17856 0x0000017c9d2b8290 code [0x0000017c9d2b8540, 0x0000017c9d2b98b0]

GC Heap History (20 events):
Event: 3872.789 GC heap before
{Heap before GC invocations=678 (full 4):
 PSYoungGen      total 3584K, used 3584K [0x00000000d5580000, 0x00000000d5d00000, 0x0000000100000000)
  eden space 3072K, 100% used [0x00000000d5580000,0x00000000d5880000,0x00000000d5880000)
  from space 512K, 100% used [0x00000000d5c00000,0x00000000d5c80000,0x00000000d5c80000)
  to   space 512K, 0% used [0x00000000d5c80000,0x00000000d5c80000,0x00000000d5d00000)
 ParOldGen       total 616448K, used 131629K [0x0000000080000000, 0x00000000a5a00000, 0x00000000d5580000)
  object space 616448K, 21% used [0x0000000080000000,0x000000008808b670,0x00000000a5a00000)
 Metaspace       used 87660K, committed 89344K, reserved 1179648K
  class space    used 9251K, committed 10112K, reserved 1048576K
}
Event: 3872.790 GC heap after
{Heap after GC invocations=678 (full 4):
 PSYoungGen      total 3584K, used 400K [0x00000000d5580000, 0x00000000d5d00000, 0x0000000100000000)
  eden space 3072K, 0% used [0x00000000d5580000,0x00000000d5580000,0x00000000d5880000)
  from space 512K, 78% used [0x00000000d5c80000,0x00000000d5ce4068,0x00000000d5d00000)
  to   space 1024K, 0% used [0x00000000d5b00000,0x00000000d5b00000,0x00000000d5c00000)
 ParOldGen       total 616448K, used 132036K [0x0000000080000000, 0x00000000a5a00000, 0x00000000d5580000)
  object space 616448K, 21% used [0x0000000080000000,0x00000000880f10b0,0x00000000a5a00000)
 Metaspace       used 87660K, committed 89344K, reserved 1179648K
  class space    used 9251K, committed 10112K, reserved 1048576K
}
Event: 3872.883 GC heap before
{Heap before GC invocations=679 (full 4):
 PSYoungGen      total 3584K, used 3472K [0x00000000d5580000, 0x00000000d5d00000, 0x0000000100000000)
  eden space 3072K, 100% used [0x00000000d5580000,0x00000000d5880000,0x00000000d5880000)
  from space 512K, 78% used [0x00000000d5c80000,0x00000000d5ce4068,0x00000000d5d00000)
  to   space 1024K, 0% used [0x00000000d5b00000,0x00000000d5b00000,0x00000000d5c00000)
 ParOldGen       total 616448K, used 132036K [0x0000000080000000, 0x00000000a5a00000, 0x00000000d5580000)
  object space 616448K, 21% used [0x0000000080000000,0x00000000880f10b0,0x00000000a5a00000)
 Metaspace       used 87998K, committed 89664K, reserved 1179648K
  class space    used 9292K, committed 10112K, reserved 1048576K
}
Event: 3872.884 GC heap after
{Heap after GC invocations=679 (full 4):
 PSYoungGen      total 4096K, used 687K [0x00000000d5580000, 0x00000000d5d00000, 0x0000000100000000)
  eden space 3072K, 0% used [0x00000000d5580000,0x00000000d5580000,0x00000000d5880000)
  from space 1024K, 67% used [0x00000000d5b00000,0x00000000d5babcb0,0x00000000d5c00000)
  to   space 1024K, 0% used [0x00000000d5c00000,0x00000000d5c00000,0x00000000d5d00000)
 ParOldGen       total 616448K, used 132228K [0x0000000080000000, 0x00000000a5a00000, 0x00000000d5580000)
  object space 616448K, 21% used [0x0000000080000000,0x0000000088121120,0x00000000a5a00000)
 Metaspace       used 87998K, committed 89664K, reserved 1179648K
  class space    used 9292K, committed 10112K, reserved 1048576K
}
Event: 3872.921 GC heap before
{Heap before GC invocations=680 (full 4):
 PSYoungGen      total 4096K, used 3759K [0x00000000d5580000, 0x00000000d5d00000, 0x0000000100000000)
  eden space 3072K, 100% used [0x00000000d5580000,0x00000000d5880000,0x00000000d5880000)
  from space 1024K, 67% used [0x00000000d5b00000,0x00000000d5babcb0,0x00000000d5c00000)
  to   space 1024K, 0% used [0x00000000d5c00000,0x00000000d5c00000,0x00000000d5d00000)
 ParOldGen       total 616448K, used 132228K [0x0000000080000000, 0x00000000a5a00000, 0x00000000d5580000)
  object space 616448K, 21% used [0x0000000080000000,0x0000000088121120,0x00000000a5a00000)
 Metaspace       used 88392K, committed 89984K, reserved 1179648K
  class space    used 9376K, committed 10176K, reserved 1048576K
}
Event: 3872.922 GC heap after
{Heap after GC invocations=680 (full 4):
 PSYoungGen      total 3584K, used 384K [0x00000000d5580000, 0x00000000d5c80000, 0x0000000100000000)
  eden space 3072K, 0% used [0x00000000d5580000,0x00000000d5580000,0x00000000d5880000)
  from space 512K, 75% used [0x00000000d5c00000,0x00000000d5c60010,0x00000000d5c80000)
  to   space 512K, 0% used [0x00000000d5b80000,0x00000000d5b80000,0x00000000d5c00000)
 ParOldGen       total 616448K, used 132694K [0x0000000080000000, 0x00000000a5a00000, 0x00000000d5580000)
  object space 616448K, 21% used [0x0000000080000000,0x0000000088195a70,0x00000000a5a00000)
 Metaspace       used 88392K, committed 89984K, reserved 1179648K
  class space    used 9376K, committed 10176K, reserved 1048576K
}
Event: 3879.563 GC heap before
{Heap before GC invocations=681 (full 4):
 PSYoungGen      total 3584K, used 3456K [0x00000000d5580000, 0x00000000d5c80000, 0x0000000100000000)
  eden space 3072K, 100% used [0x00000000d5580000,0x00000000d5880000,0x00000000d5880000)
  from space 512K, 75% used [0x00000000d5c00000,0x00000000d5c60010,0x00000000d5c80000)
  to   space 512K, 0% used [0x00000000d5b80000,0x00000000d5b80000,0x00000000d5c00000)
 ParOldGen       total 616448K, used 132694K [0x0000000080000000, 0x00000000a5a00000, 0x00000000d5580000)
  object space 616448K, 21% used [0x0000000080000000,0x0000000088195a70,0x00000000a5a00000)
 Metaspace       used 88509K, committed 90112K, reserved 1179648K
  class space    used 9394K, committed 10176K, reserved 1048576K
}
Event: 3879.565 GC heap after
{Heap after GC invocations=681 (full 4):
 PSYoungGen      total 3584K, used 496K [0x00000000d5580000, 0x00000000d5c80000, 0x0000000100000000)
  eden space 3072K, 0% used [0x00000000d5580000,0x00000000d5580000,0x00000000d5880000)
  from space 512K, 96% used [0x00000000d5b80000,0x00000000d5bfc010,0x00000000d5c00000)
  to   space 512K, 0% used [0x00000000d5c00000,0x00000000d5c00000,0x00000000d5c80000)
 ParOldGen       total 616448K, used 132875K [0x0000000080000000, 0x00000000a5a00000, 0x00000000d5580000)
  object space 616448K, 21% used [0x0000000080000000,0x00000000881c2ef0,0x00000000a5a00000)
 Metaspace       used 88509K, committed 90112K, reserved 1179648K
  class space    used 9394K, committed 10176K, reserved 1048576K
}
Event: 3879.967 GC heap before
{Heap before GC invocations=682 (full 4):
 PSYoungGen      total 3584K, used 3568K [0x00000000d5580000, 0x00000000d5c80000, 0x0000000100000000)
  eden space 3072K, 100% used [0x00000000d5580000,0x00000000d5880000,0x00000000d5880000)
  from space 512K, 96% used [0x00000000d5b80000,0x00000000d5bfc010,0x00000000d5c00000)
  to   space 512K, 0% used [0x00000000d5c00000,0x00000000d5c00000,0x00000000d5c80000)
 ParOldGen       total 616448K, used 132875K [0x0000000080000000, 0x00000000a5a00000, 0x00000000d5580000)
  object space 616448K, 21% used [0x0000000080000000,0x00000000881c2ef0,0x00000000a5a00000)
 Metaspace       used 88511K, committed 90112K, reserved 1179648K
  class space    used 9394K, committed 10176K, reserved 1048576K
}
Event: 3879.967 GC heap after
{Heap after GC invocations=682 (full 4):
 PSYoungGen      total 3584K, used 512K [0x00000000d5580000, 0x00000000d5c80000, 0x0000000100000000)
  eden space 3072K, 0% used [0x00000000d5580000,0x00000000d5580000,0x00000000d5880000)
  from space 512K, 100% used [0x00000000d5c00000,0x00000000d5c80000,0x00000000d5c80000)
  to   space 1024K, 0% used [0x00000000d5a80000,0x00000000d5a80000,0x00000000d5b80000)
 ParOldGen       total 616448K, used 133312K [0x0000000080000000, 0x00000000a5a00000, 0x00000000d5580000)
  object space 616448K, 21% used [0x0000000080000000,0x0000000088230390,0x00000000a5a00000)
 Metaspace       used 88511K, committed 90112K, reserved 1179648K
  class space    used 9394K, committed 10176K, reserved 1048576K
}
Event: 3884.513 GC heap before
{Heap before GC invocations=683 (full 4):
 PSYoungGen      total 3584K, used 3584K [0x00000000d5580000, 0x00000000d5c80000, 0x0000000100000000)
  eden space 3072K, 100% used [0x00000000d5580000,0x00000000d5880000,0x00000000d5880000)
  from space 512K, 100% used [0x00000000d5c00000,0x00000000d5c80000,0x00000000d5c80000)
  to   space 1024K, 0% used [0x00000000d5a80000,0x00000000d5a80000,0x00000000d5b80000)
 ParOldGen       total 616448K, used 133312K [0x0000000080000000, 0x00000000a5a00000, 0x00000000d5580000)
  object space 616448K, 21% used [0x0000000080000000,0x0000000088230390,0x00000000a5a00000)
 Metaspace       used 88516K, committed 90112K, reserved 1179648K
  class space    used 9394K, committed 10176K, reserved 1048576K
}
Event: 3884.514 GC heap after
{Heap after GC invocations=683 (full 4):
 PSYoungGen      total 4096K, used 352K [0x00000000d5580000, 0x00000000d5c80000, 0x0000000100000000)
  eden space 3072K, 0% used [0x00000000d5580000,0x00000000d5580000,0x00000000d5880000)
  from space 1024K, 34% used [0x00000000d5a80000,0x00000000d5ad8000,0x00000000d5b80000)
  to   space 1024K, 0% used [0x00000000d5b80000,0x00000000d5b80000,0x00000000d5c80000)
 ParOldGen       total 616448K, used 133678K [0x0000000080000000, 0x00000000a5a00000, 0x00000000d5580000)
  object space 616448K, 21% used [0x0000000080000000,0x000000008828b820,0x00000000a5a00000)
 Metaspace       used 88516K, committed 90112K, reserved 1179648K
  class space    used 9394K, committed 10176K, reserved 1048576K
}
Event: 3886.626 GC heap before
{Heap before GC invocations=684 (full 4):
 PSYoungGen      total 4096K, used 3424K [0x00000000d5580000, 0x00000000d5c80000, 0x0000000100000000)
  eden space 3072K, 100% used [0x00000000d5580000,0x00000000d5880000,0x00000000d5880000)
  from space 1024K, 34% used [0x00000000d5a80000,0x00000000d5ad8000,0x00000000d5b80000)
  to   space 1024K, 0% used [0x00000000d5b80000,0x00000000d5b80000,0x00000000d5c80000)
 ParOldGen       total 616448K, used 133678K [0x0000000080000000, 0x00000000a5a00000, 0x00000000d5580000)
  object space 616448K, 21% used [0x0000000080000000,0x000000008828b820,0x00000000a5a00000)
 Metaspace       used 88517K, committed 90112K, reserved 1179648K
  class space    used 9394K, committed 10176K, reserved 1048576K
}
Event: 3886.627 GC heap after
{Heap after GC invocations=684 (full 4):
 PSYoungGen      total 4096K, used 624K [0x00000000d5580000, 0x00000000d5c80000, 0x0000000100000000)
  eden space 3072K, 0% used [0x00000000d5580000,0x00000000d5580000,0x00000000d5880000)
  from space 1024K, 60% used [0x00000000d5b80000,0x00000000d5c1c010,0x00000000d5c80000)
  to   space 1024K, 0% used [0x00000000d5a80000,0x00000000d5a80000,0x00000000d5b80000)
 ParOldGen       total 616448K, used 133774K [0x0000000080000000, 0x00000000a5a00000, 0x00000000d5580000)
  object space 616448K, 21% used [0x0000000080000000,0x00000000882a3820,0x00000000a5a00000)
 Metaspace       used 88517K, committed 90112K, reserved 1179648K
  class space    used 9394K, committed 10176K, reserved 1048576K
}
Event: 3886.926 GC heap before
{Heap before GC invocations=685 (full 4):
 PSYoungGen      total 4096K, used 3696K [0x00000000d5580000, 0x00000000d5c80000, 0x0000000100000000)
  eden space 3072K, 100% used [0x00000000d5580000,0x00000000d5880000,0x00000000d5880000)
  from space 1024K, 60% used [0x00000000d5b80000,0x00000000d5c1c010,0x00000000d5c80000)
  to   space 1024K, 0% used [0x00000000d5a80000,0x00000000d5a80000,0x00000000d5b80000)
 ParOldGen       total 616448K, used 133774K [0x0000000080000000, 0x00000000a5a00000, 0x00000000d5580000)
  object space 616448K, 21% used [0x0000000080000000,0x00000000882a3820,0x00000000a5a00000)
 Metaspace       used 88530K, committed 90112K, reserved 1179648K
  class space    used 9394K, committed 10176K, reserved 1048576K
}
Event: 3886.928 GC heap after
{Heap after GC invocations=685 (full 4):
 PSYoungGen      total 4096K, used 384K [0x00000000d5580000, 0x00000000d5c00000, 0x0000000100000000)
  eden space 3072K, 0% used [0x00000000d5580000,0x00000000d5580000,0x00000000d5880000)
  from space 1024K, 37% used [0x00000000d5a80000,0x00000000d5ae0000,0x00000000d5b80000)
  to   space 512K, 0% used [0x00000000d5b80000,0x00000000d5b80000,0x00000000d5c00000)
 ParOldGen       total 616448K, used 134244K [0x0000000080000000, 0x00000000a5a00000, 0x00000000d5580000)
  object space 616448K, 21% used [0x0000000080000000,0x0000000088319270,0x00000000a5a00000)
 Metaspace       used 88530K, committed 90112K, reserved 1179648K
  class space    used 9394K, committed 10176K, reserved 1048576K
}
Event: 3887.077 GC heap before
{Heap before GC invocations=686 (full 4):
 PSYoungGen      total 4096K, used 3455K [0x00000000d5580000, 0x00000000d5c00000, 0x0000000100000000)
  eden space 3072K, 99% used [0x00000000d5580000,0x00000000d587fe58,0x00000000d5880000)
  from space 1024K, 37% used [0x00000000d5a80000,0x00000000d5ae0000,0x00000000d5b80000)
  to   space 512K, 0% used [0x00000000d5b80000,0x00000000d5b80000,0x00000000d5c00000)
 ParOldGen       total 616448K, used 134244K [0x0000000080000000, 0x00000000a5a00000, 0x00000000d5580000)
  object space 616448K, 21% used [0x0000000080000000,0x0000000088319270,0x00000000a5a00000)
 Metaspace       used 88566K, committed 90176K, reserved 1179648K
  class space    used 9396K, committed 10176K, reserved 1048576K
}
Event: 3887.078 GC heap after
{Heap after GC invocations=686 (full 4):
 PSYoungGen      total 3584K, used 288K [0x00000000d5580000, 0x00000000d5c00000, 0x0000000100000000)
  eden space 3072K, 0% used [0x00000000d5580000,0x00000000d5580000,0x00000000d5880000)
  from space 512K, 56% used [0x00000000d5b80000,0x00000000d5bc8000,0x00000000d5c00000)
  to   space 512K, 0% used [0x00000000d5b00000,0x00000000d5b00000,0x00000000d5b80000)
 ParOldGen       total 616448K, used 134340K [0x0000000080000000, 0x00000000a5a00000, 0x00000000d5580000)
  object space 616448K, 21% used [0x0000000080000000,0x0000000088331270,0x00000000a5a00000)
 Metaspace       used 88566K, committed 90176K, reserved 1179648K
  class space    used 9396K, committed 10176K, reserved 1048576K
}
Event: 3918.640 GC heap before
{Heap before GC invocations=687 (full 4):
 PSYoungGen      total 3584K, used 3360K [0x00000000d5580000, 0x00000000d5c00000, 0x0000000100000000)
  eden space 3072K, 100% used [0x00000000d5580000,0x00000000d5880000,0x00000000d5880000)
  from space 512K, 56% used [0x00000000d5b80000,0x00000000d5bc8000,0x00000000d5c00000)
  to   space 512K, 0% used [0x00000000d5b00000,0x00000000d5b00000,0x00000000d5b80000)
 ParOldGen       total 616448K, used 134340K [0x0000000080000000, 0x00000000a5a00000, 0x00000000d5580000)
  object space 616448K, 21% used [0x0000000080000000,0x0000000088331270,0x00000000a5a00000)
 Metaspace       used 88579K, committed 90176K, reserved 1179648K
  class space    used 9396K, committed 10176K, reserved 1048576K
}
Event: 3918.641 GC heap after
{Heap after GC invocations=687 (full 4):
 PSYoungGen      total 3584K, used 192K [0x00000000d5580000, 0x00000000d5c00000, 0x0000000100000000)
  eden space 3072K, 0% used [0x00000000d5580000,0x00000000d5580000,0x00000000d5880000)
  from space 512K, 37% used [0x00000000d5b00000,0x00000000d5b30000,0x00000000d5b80000)
  to   space 512K, 0% used [0x00000000d5b80000,0x00000000d5b80000,0x00000000d5c00000)
 ParOldGen       total 616448K, used 134364K [0x0000000080000000, 0x00000000a5a00000, 0x00000000d5580000)
  object space 616448K, 21% used [0x0000000080000000,0x0000000088337270,0x00000000a5a00000)
 Metaspace       used 88579K, committed 90176K, reserved 1179648K
  class space    used 9396K, committed 10176K, reserved 1048576K
}

Dll operation events (14 events):
Event: 0.024 Loaded shared library c:\Users\dell\.vscode\extensions\redhat.java-1.46.0-win32-x64\jre\21.0.8-win32-x86_64\bin\java.dll
Event: 0.231 Loaded shared library c:\Users\dell\.vscode\extensions\redhat.java-1.46.0-win32-x64\jre\21.0.8-win32-x86_64\bin\zip.dll
Event: 0.271 Loaded shared library C:\Users\dell\.vscode\extensions\redhat.java-1.46.0-win32-x64\jre\21.0.8-win32-x86_64\bin\instrument.dll
Event: 0.278 Loaded shared library C:\Users\dell\.vscode\extensions\redhat.java-1.46.0-win32-x64\jre\21.0.8-win32-x86_64\bin\net.dll
Event: 0.281 Loaded shared library C:\Users\dell\.vscode\extensions\redhat.java-1.46.0-win32-x64\jre\21.0.8-win32-x86_64\bin\nio.dll
Event: 0.285 Loaded shared library C:\Users\dell\.vscode\extensions\redhat.java-1.46.0-win32-x64\jre\21.0.8-win32-x86_64\bin\zip.dll
Event: 0.317 Loaded shared library C:\Users\dell\.vscode\extensions\redhat.java-1.46.0-win32-x64\jre\21.0.8-win32-x86_64\bin\jimage.dll
Event: 0.464 Loaded shared library c:\Users\dell\.vscode\extensions\redhat.java-1.46.0-win32-x64\jre\21.0.8-win32-x86_64\bin\verify.dll
Event: 8.212 Loaded shared library C:\Users\dell\AppData\Roaming\Code\User\globalStorage\redhat.java\1.46.0\config_win\org.eclipse.equinox.launcher\org.eclipse.equinox.launcher.win32.win32.x86_64_1.2.1400.v20250801-0854\eclipse_11916.dll
Event: 22.665 Loaded shared library C:\Users\dell\.vscode\extensions\redhat.java-1.46.0-win32-x64\jre\21.0.8-win32-x86_64\bin\management.dll
Event: 22.671 Loaded shared library C:\Users\dell\.vscode\extensions\redhat.java-1.46.0-win32-x64\jre\21.0.8-win32-x86_64\bin\management_ext.dll
Event: 25.014 Loaded shared library C:\Users\dell\AppData\Local\Temp\jna-3079617\jna17236473189244893712.dll
Event: 26.054 Loaded shared library C:\Users\dell\.vscode\extensions\redhat.java-1.46.0-win32-x64\jre\21.0.8-win32-x86_64\bin\sunmscapi.dll
Event: 26.362 Loaded shared library C:\Users\dell\.vscode\extensions\redhat.java-1.46.0-win32-x64\jre\21.0.8-win32-x86_64\bin\extnet.dll

Deoptimization events (20 events):
Event: 3872.942 Thread 0x0000017cf3ca77f0 DEOPT PACKING pc=0x0000017c9c9c8c60 sp=0x00000004caafe680
Event: 3872.942 Thread 0x0000017cf3ca77f0 DEOPT UNPACKING pc=0x0000017c9bfd3aa2 sp=0x00000004caafe630 mode 2
Event: 3886.613 Thread 0x0000017cf2652d40 Uncommon trap: trap_request=0xffffffbe fr.pc=0x0000017c9c70bc58 relative=0x0000000000000fd8
Event: 3886.613 Thread 0x0000017cf2652d40 Uncommon trap: reason=profile_predicate action=maybe_recompile pc=0x0000017c9c70bc58 method=org.eclipse.jdt.internal.compiler.parser.Scanner.jumpOverMethodBody()V @ 12 c2
Event: 3886.613 Thread 0x0000017cf2652d40 DEOPT PACKING pc=0x0000017c9c70bc58 sp=0x00000004cc4fde10
Event: 3886.613 Thread 0x0000017cf2652d40 DEOPT UNPACKING pc=0x0000017c9bfd3aa2 sp=0x00000004cc4fdd80 mode 2
Event: 3886.614 Thread 0x0000017cf2652d40 Uncommon trap: trap_request=0xffffffbe fr.pc=0x0000017c9c70bc58 relative=0x0000000000000fd8
Event: 3886.614 Thread 0x0000017cf2652d40 Uncommon trap: reason=profile_predicate action=maybe_recompile pc=0x0000017c9c70bc58 method=org.eclipse.jdt.internal.compiler.parser.Scanner.jumpOverMethodBody()V @ 12 c2
Event: 3886.614 Thread 0x0000017cf2652d40 DEOPT PACKING pc=0x0000017c9c70bc58 sp=0x00000004cc4fde10
Event: 3886.614 Thread 0x0000017cf2652d40 DEOPT UNPACKING pc=0x0000017c9bfd3aa2 sp=0x00000004cc4fdd80 mode 2
Event: 3886.628 Thread 0x0000017cf2652d40 Uncommon trap: trap_request=0xffffffbe fr.pc=0x0000017c9c70bc58 relative=0x0000000000000fd8
Event: 3886.628 Thread 0x0000017cf2652d40 Uncommon trap: reason=profile_predicate action=maybe_recompile pc=0x0000017c9c70bc58 method=org.eclipse.jdt.internal.compiler.parser.Scanner.jumpOverMethodBody()V @ 12 c2
Event: 3886.628 Thread 0x0000017cf2652d40 DEOPT PACKING pc=0x0000017c9c70bc58 sp=0x00000004cc4fdda0
Event: 3886.628 Thread 0x0000017cf2652d40 DEOPT UNPACKING pc=0x0000017c9bfd3aa2 sp=0x00000004cc4fdd10 mode 2
Event: 3886.628 Thread 0x0000017cf2652d40 Uncommon trap: trap_request=0xffffffbe fr.pc=0x0000017c9d1b8a64 relative=0x0000000000000fe4
Event: 3886.628 Thread 0x0000017cf2652d40 Uncommon trap: reason=profile_predicate action=maybe_recompile pc=0x0000017c9d1b8a64 method=org.eclipse.jdt.internal.compiler.parser.Scanner.jumpOverMethodBody()V @ 12 c2
Event: 3886.628 Thread 0x0000017cf2652d40 DEOPT PACKING pc=0x0000017c9d1b8a64 sp=0x00000004cc4fdd80
Event: 3886.628 Thread 0x0000017cf2652d40 DEOPT UNPACKING pc=0x0000017c9bfd3aa2 sp=0x00000004cc4fdd10 mode 2
Event: 3886.629 Thread 0x0000017cf2652d40 DEOPT PACKING pc=0x0000017c96cfbd56 sp=0x00000004cc4fcae0
Event: 3886.629 Thread 0x0000017cf2652d40 DEOPT UNPACKING pc=0x0000017c9bfd4242 sp=0x00000004cc4fc020 mode 0

Classes loaded (20 events):
Event: 3551.035 Loading class sun/security/ssl/CipherSuite$1
Event: 3551.035 Loading class sun/security/ssl/CipherSuite$1 done
Event: 3551.057 Loading class java/util/stream/ReduceOps$6
Event: 3551.057 Loading class java/util/stream/ReduceOps$6 done
Event: 3551.057 Loading class java/util/stream/ReduceOps$5ReducingSink
Event: 3551.057 Loading class java/util/stream/ReduceOps$5ReducingSink done
Event: 3551.209 Loading class java/util/stream/FindOps$FindSink$OfLong
Event: 3551.209 Loading class java/util/stream/FindOps$FindSink$OfLong done
Event: 3551.210 Loading class java/util/OptionalLong
Event: 3551.210 Loading class java/util/OptionalLong done
Event: 3591.066 Loading class java/lang/Throwable$WrappedPrintWriter
Event: 3591.066 Loading class java/lang/Throwable$PrintStreamOrWriter
Event: 3591.066 Loading class java/lang/Throwable$PrintStreamOrWriter done
Event: 3591.066 Loading class java/lang/Throwable$WrappedPrintWriter done
Event: 3662.162 Loading class java/util/LinkedList$LLSpliterator
Event: 3662.163 Loading class java/util/LinkedList$LLSpliterator done
Event: 3872.879 Loading class java/io/CharArrayReader
Event: 3872.879 Loading class java/io/CharArrayReader done
Event: 3872.880 Loading class java/util/regex/Pattern$Bound
Event: 3872.880 Loading class java/util/regex/Pattern$Bound done

Classes unloaded (20 events):
Event: 3662.054 Thread 0x0000017ce91e4560 Unloading class 0x0000017ca9017400 'java/lang/invoke/LambdaForm$MH+0x0000017ca9017400'
Event: 3662.054 Thread 0x0000017ce91e4560 Unloading class 0x0000017ca9016400 'java/lang/invoke/LambdaForm$MH+0x0000017ca9016400'
Event: 3662.054 Thread 0x0000017ce91e4560 Unloading class 0x0000017ca900d800 'java/lang/invoke/LambdaForm$MH+0x0000017ca900d800'
Event: 3662.054 Thread 0x0000017ce91e4560 Unloading class 0x0000017ca900d400 'java/lang/invoke/LambdaForm$MH+0x0000017ca900d400'
Event: 3662.054 Thread 0x0000017ce91e4560 Unloading class 0x0000017ca900d000 'java/lang/invoke/LambdaForm$MH+0x0000017ca900d000'
Event: 3662.054 Thread 0x0000017ce91e4560 Unloading class 0x0000017ca900cc00 'java/lang/invoke/LambdaForm$MH+0x0000017ca900cc00'
Event: 3662.054 Thread 0x0000017ce91e4560 Unloading class 0x0000017ca900c800 'java/lang/invoke/LambdaForm$BMH+0x0000017ca900c800'
Event: 3662.054 Thread 0x0000017ce91e4560 Unloading class 0x0000017ca900c000 'java/lang/invoke/LambdaForm$DMH+0x0000017ca900c000'
Event: 3662.054 Thread 0x0000017ce91e4560 Unloading class 0x0000017ca9008c00 'java/lang/invoke/LambdaForm$MH+0x0000017ca9008c00'
Event: 3662.054 Thread 0x0000017ce91e4560 Unloading class 0x0000017ca9008800 'java/lang/invoke/LambdaForm$MH+0x0000017ca9008800'
Event: 3662.054 Thread 0x0000017ce91e4560 Unloading class 0x0000017ca9008400 'java/lang/invoke/LambdaForm$MH+0x0000017ca9008400'
Event: 3662.054 Thread 0x0000017ce91e4560 Unloading class 0x0000017ca9007000 'java/lang/invoke/LambdaForm$MH+0x0000017ca9007000'
Event: 3662.054 Thread 0x0000017ce91e4560 Unloading class 0x0000017ca9006800 'java/lang/invoke/LambdaForm$MH+0x0000017ca9006800'
Event: 3662.054 Thread 0x0000017ce91e4560 Unloading class 0x0000017ca9006400 'java/lang/invoke/LambdaForm$MH+0x0000017ca9006400'
Event: 3662.054 Thread 0x0000017ce91e4560 Unloading class 0x0000017ca9006000 'java/lang/invoke/LambdaForm$MH+0x0000017ca9006000'
Event: 3662.054 Thread 0x0000017ce91e4560 Unloading class 0x0000017ca9005c00 'java/lang/invoke/LambdaForm$BMH+0x0000017ca9005c00'
Event: 3662.054 Thread 0x0000017ce91e4560 Unloading class 0x0000017ca9004800 'java/lang/invoke/LambdaForm$DMH+0x0000017ca9004800'
Event: 3662.054 Thread 0x0000017ce91e4560 Unloading class 0x0000017ca9002400 'java/lang/invoke/LambdaForm$MH+0x0000017ca9002400'
Event: 3662.054 Thread 0x0000017ce91e4560 Unloading class 0x0000017ca9002000 'java/lang/invoke/LambdaForm$MH+0x0000017ca9002000'
Event: 3662.054 Thread 0x0000017ce91e4560 Unloading class 0x0000017ca9001800 'java/lang/invoke/LambdaForm$MH+0x0000017ca9001800'

Classes redefined (0 events):
No events

Internal exceptions (20 events):
Event: 3592.130 Thread 0x0000017ceb6145e0 Exception <a 'sun/nio/fs/WindowsException'{0x00000000d5581e10}> (0x00000000d5581e10) 
thrown [s\src\hotspot\share\prims\jni.cpp, line 520]
Event: 3658.767 Thread 0x0000017cf3ca6ad0 Implicit null exception at 0x0000017c969427c4 to 0x0000017c96942f34
Event: 3658.767 Thread 0x0000017cf3ca6ad0 Exception <a 'java/lang/NullPointerException'{0x00000000d57feae0}> (0x00000000d57feae0) 
thrown [s\src\hotspot\share\runtime\sharedRuntime.cpp, line 625]
Event: 3658.772 Thread 0x0000017cf3ca6ad0 Exception <a 'java/lang/NoSuchMethodError'{0x00000000d5594a98}: 'void java.lang.invoke.DirectMethodHandle$Holder.invokeSpecial(java.lang.Object, java.lang.Object, int)'> (0x00000000d5594a98) 
thrown [s\src\hotspot\share\interpreter\linkResolver.cpp, line 773]
Event: 3658.819 Thread 0x0000017cf3ca6ad0 Exception <a 'java/lang/NoSuchMethodError'{0x00000000d5641e18}: 'int java.lang.invoke.DirectMethodHandle$Holder.invokeVirtual(java.lang.Object, java.lang.Object, java.lang.Object, int)'> (0x00000000d5641e18) 
thrown [s\src\hotspot\share\interpreter\linkResolver.cpp, line 773]
Event: 3659.894 Thread 0x0000017ceb6145e0 Exception <a 'sun/nio/fs/WindowsException'{0x00000000d5580aa0}> (0x00000000d5580aa0) 
thrown [s\src\hotspot\share\prims\jni.cpp, line 520]
Event: 3660.048 Thread 0x0000017ceb6145e0 Exception <a 'sun/nio/fs/WindowsException'{0x00000000d564f3c8}> (0x00000000d564f3c8) 
thrown [s\src\hotspot\share\prims\jni.cpp, line 520]
Event: 3662.564 Thread 0x0000017ceb6145e0 Exception <a 'sun/nio/fs/WindowsException'{0x00000000d5612468}> (0x00000000d5612468) 
thrown [s\src\hotspot\share\prims\jni.cpp, line 520]
Event: 3662.659 Thread 0x0000017ceb6145e0 Exception <a 'sun/nio/fs/WindowsException'{0x00000000d5688b40}> (0x00000000d5688b40) 
thrown [s\src\hotspot\share\prims\jni.cpp, line 520]
Event: 3671.220 Thread 0x0000017ceb6145e0 Exception <a 'sun/nio/fs/WindowsException'{0x00000000d5849c90}> (0x00000000d5849c90) 
thrown [s\src\hotspot\share\prims\jni.cpp, line 520]
Event: 3671.295 Thread 0x0000017ceb6145e0 Exception <a 'sun/nio/fs/WindowsException'{0x00000000d578e658}> (0x00000000d578e658) 
thrown [s\src\hotspot\share\prims\jni.cpp, line 520]
Event: 3841.154 Thread 0x0000017cf3ca7e80 Implicit null exception at 0x0000017c9c6b3439 to 0x0000017c9c6b3690
Event: 3841.158 Thread 0x0000017cf3ca7e80 Exception <a 'sun/nio/fs/WindowsException'{0x00000000d56b13e8}> (0x00000000d56b13e8) 
thrown [s\src\hotspot\share\prims\jni.cpp, line 520]
Event: 3841.158 Thread 0x0000017cf3ca7e80 Exception <a 'sun/nio/fs/WindowsException'{0x00000000d56b1ee8}> (0x00000000d56b1ee8) 
thrown [s\src\hotspot\share\prims\jni.cpp, line 520]
Event: 3841.160 Thread 0x0000017cf3ca7e80 Implicit null exception at 0x0000017c9d10dc39 to 0x0000017c9d10deef
Event: 3841.162 Thread 0x0000017cf3ca7e80 Implicit null exception at 0x0000017c9c7bf912 to 0x0000017c9c7bf9bd
Event: 3841.179 Thread 0x0000017cf3ca7e80 Exception <a 'java/lang/NoSuchMethodError'{0x00000000d57f6078}: static Lorg/eclipse/m2e/core/internal/lifecyclemapping/model/PluginExecutionMetadata;.<clinit>()V> (0x00000000d57f6078) 
thrown [s\src\hotspot\share\prims\jni.cpp, line 1111]
Event: 3841.181 Thread 0x0000017cf3ca7e80 Exception <a 'java/lang/NoSuchMethodError'{0x00000000d581a2c0}: static Lorg/eclipse/m2e/core/internal/lifecyclemapping/model/PluginExecutionFilter;.<clinit>()V> (0x00000000d581a2c0) 
thrown [s\src\hotspot\share\prims\jni.cpp, line 1111]
Event: 3841.182 Thread 0x0000017cf3ca7e80 Exception <a 'java/lang/NoSuchMethodError'{0x00000000d5830948}: static Lorg/eclipse/m2e/core/internal/project/registry/MavenProjectFacade$MavenProjectConfiguration;.<clinit>()V> (0x00000000d5830948) 
thrown [s\src\hotspot\share\prims\jni.cpp, line 1111]
Event: 3841.184 Thread 0x0000017cf3ca7e80 Exception <a 'java/lang/NoSuchMethodError'{0x00000000d584dc90}: static [J.<clinit>()V> (0x00000000d584dc90) 
thrown [s\src\hotspot\share\prims\jni.cpp, line 1111]

ZGC Phase Switch (0 events):
No events

VM Operations (20 events):
Event: 3884.513 Executing VM operation: ParallelGCFailedAllocation (Allocation Failure)
Event: 3884.514 Executing VM operation: ParallelGCFailedAllocation (Allocation Failure) done
Event: 3885.524 Executing VM operation: Cleanup
Event: 3885.524 Executing VM operation: Cleanup done
Event: 3886.626 Executing VM operation: ParallelGCFailedAllocation (Allocation Failure)
Event: 3886.627 Executing VM operation: ParallelGCFailedAllocation (Allocation Failure) done
Event: 3886.926 Executing VM operation: ParallelGCFailedAllocation (Allocation Failure)
Event: 3886.928 Executing VM operation: ParallelGCFailedAllocation (Allocation Failure) done
Event: 3887.077 Executing VM operation: ParallelGCFailedAllocation (Allocation Failure)
Event: 3887.078 Executing VM operation: ParallelGCFailedAllocation (Allocation Failure) done
Event: 3888.081 Executing VM operation: Cleanup
Event: 3888.081 Executing VM operation: Cleanup done
Event: 3896.754 Executing VM operation: HandshakeAllThreads (HandshakeForDeflation)
Event: 3896.754 Executing VM operation: HandshakeAllThreads (HandshakeForDeflation) done
Event: 3896.754 Executing VM operation: RendezvousGCThreads
Event: 3896.754 Executing VM operation: RendezvousGCThreads done
Event: 3918.640 Executing VM operation: ParallelGCFailedAllocation (Allocation Failure)
Event: 3918.641 Executing VM operation: ParallelGCFailedAllocation (Allocation Failure) done
Event: 3919.651 Executing VM operation: Cleanup
Event: 3919.651 Executing VM operation: Cleanup done

Memory protections (0 events):
No events

Nmethod flushes (20 events):
Event: 3662.094 Thread 0x0000017ce91e4560 flushing  nmethod 0x0000017c95a1a810
Event: 3662.094 Thread 0x0000017ce91e4560 flushing  nmethod 0x0000017c95a85e10
Event: 3662.094 Thread 0x0000017ce91e4560 flushing  nmethod 0x0000017c95a8eb10
Event: 3662.094 Thread 0x0000017ce91e4560 flushing  nmethod 0x0000017c95a8f410
Event: 3662.094 Thread 0x0000017ce91e4560 flushing  nmethod 0x0000017c95aa9a10
Event: 3662.094 Thread 0x0000017ce91e4560 flushing  nmethod 0x0000017c95aaaf10
Event: 3662.094 Thread 0x0000017ce91e4560 flushing  nmethod 0x0000017c95b4e210
Event: 3662.094 Thread 0x0000017ce91e4560 flushing  nmethod 0x0000017c95b50610
Event: 3662.094 Thread 0x0000017ce91e4560 flushing  nmethod 0x0000017c95b84510
Event: 3662.094 Thread 0x0000017ce91e4560 flushing  nmethod 0x0000017c95b8e190
Event: 3662.094 Thread 0x0000017ce91e4560 flushing  nmethod 0x0000017c95b9e410
Event: 3662.094 Thread 0x0000017ce91e4560 flushing  nmethod 0x0000017c95ba4d10
Event: 3662.094 Thread 0x0000017ce91e4560 flushing  nmethod 0x0000017c95ba7d90
Event: 3662.094 Thread 0x0000017ce91e4560 flushing  nmethod 0x0000017c95ba8390
Event: 3662.094 Thread 0x0000017ce91e4560 flushing  nmethod 0x0000017c95bcef90
Event: 3662.094 Thread 0x0000017ce91e4560 flushing  nmethod 0x0000017c95bfb610
Event: 3662.094 Thread 0x0000017ce91e4560 flushing  nmethod 0x0000017c95c0a390
Event: 3662.094 Thread 0x0000017ce91e4560 flushing  nmethod 0x0000017c95c1c210
Event: 3662.094 Thread 0x0000017ce91e4560 flushing  nmethod 0x0000017c95c3d510
Event: 3662.094 Thread 0x0000017ce91e4560 flushing  nmethod 0x0000017c95c64190

Events (20 events):
Event: 3841.159 Thread 0x0000017cf3ca7e80 Thread added: 0x0000017cf28d8f50
Event: 3841.159 Thread 0x0000017cf28d8f50 Thread exited: 0x0000017cf28d8f50
Event: 3841.182 Thread 0x0000017ceb10af60 Thread added: 0x0000017cf261a0a0
Event: 3841.321 Thread 0x0000017cf3ca8510 Thread exited: 0x0000017cf3ca8510
Event: 3846.203 Thread 0x0000017cf261a0a0 Thread exited: 0x0000017cf261a0a0
Event: 3852.255 Thread 0x0000017cf3caa5e0 Thread exited: 0x0000017cf3caa5e0
Event: 3872.592 Thread 0x0000017ceb10af60 Thread added: 0x0000017cf261a0a0
Event: 3872.603 Thread 0x0000017cf3ca77f0 Thread added: 0x0000017cf28d8f50
Event: 3872.603 Thread 0x0000017cf28d8f50 Thread exited: 0x0000017cf28d8f50
Event: 3872.775 Thread 0x0000017cf261a0a0 Thread exited: 0x0000017cf261a0a0
Event: 3872.835 Thread 0x0000017cf3ca77f0 Thread added: 0x0000017cf28d8f50
Event: 3872.913 Thread 0x0000017ceb10a4d0 Thread added: 0x0000017cf2619300
Event: 3877.779 Thread 0x0000017cf3ca9f50 Thread exited: 0x0000017cf3ca9f50
Event: 3877.947 Thread 0x0000017cf2619300 Thread exited: 0x0000017cf2619300
Event: 3882.867 Thread 0x0000017cf28d8f50 Thread exited: 0x0000017cf28d8f50
Event: 3884.003 Thread 0x0000017cf2650c70 Thread exited: 0x0000017cf2650c70
Event: 3886.647 Thread 0x0000017ceb10af60 Thread added: 0x0000017cf26170f0
Event: 3886.912 Thread 0x0000017cf26170f0 Thread exited: 0x0000017cf26170f0
Event: 3892.047 Thread 0x0000017cf264eba0 Thread exited: 0x0000017cf264eba0
Event: 3893.709 Thread 0x0000017cf26526b0 Thread exited: 0x0000017cf26526b0


Dynamic libraries:
0x00007ff666010000 - 0x00007ff66601e000 	c:\Users\dell\.vscode\extensions\redhat.java-1.46.0-win32-x64\jre\21.0.8-win32-x86_64\bin\java.exe
0x00007ff91c2e0000 - 0x00007ff91c548000 	C:\WINDOWS\SYSTEM32\ntdll.dll
0x00007ff91ac40000 - 0x00007ff91ad09000 	C:\WINDOWS\System32\KERNEL32.DLL
0x00007ff919820000 - 0x00007ff919c12000 	C:\WINDOWS\System32\KERNELBASE.dll
0x00007ff919ce0000 - 0x00007ff919e2b000 	C:\WINDOWS\System32\ucrtbase.dll
0x00007ff90f3c0000 - 0x00007ff90f3d8000 	c:\Users\dell\.vscode\extensions\redhat.java-1.46.0-win32-x64\jre\21.0.8-win32-x86_64\bin\jli.dll
0x00007ff91a1d0000 - 0x00007ff91a395000 	C:\WINDOWS\System32\USER32.dll
0x00007ff919500000 - 0x00007ff919527000 	C:\WINDOWS\System32\win32u.dll
0x00007ff91a850000 - 0x00007ff91a87b000 	C:\WINDOWS\System32\GDI32.dll
0x00007ff9103c0000 - 0x00007ff9103de000 	c:\Users\dell\.vscode\extensions\redhat.java-1.46.0-win32-x64\jre\21.0.8-win32-x86_64\bin\VCRUNTIME140.dll
0x00007ff919f80000 - 0x00007ff91a0ad000 	C:\WINDOWS\System32\gdi32full.dll
0x00007ff8fe850000 - 0x00007ff8feae3000 	C:\WINDOWS\WinSxS\amd64_microsoft.windows.common-controls_6595b64144ccf1df_6.0.26100.6899_none_3e0efeeae32e88c1\COMCTL32.dll
0x00007ff91c1f0000 - 0x00007ff91c299000 	C:\WINDOWS\System32\msvcrt.dll
0x00007ff919ed0000 - 0x00007ff919f73000 	C:\WINDOWS\System32\msvcp_win.dll
0x00007ff91a6e0000 - 0x00007ff91a70f000 	C:\WINDOWS\System32\IMM32.DLL
0x00007ff90f380000 - 0x00007ff90f38c000 	c:\Users\dell\.vscode\extensions\redhat.java-1.46.0-win32-x64\jre\21.0.8-win32-x86_64\bin\vcruntime140_1.dll
0x00007ff8e0d60000 - 0x00007ff8e0ded000 	c:\Users\dell\.vscode\extensions\redhat.java-1.46.0-win32-x64\jre\21.0.8-win32-x86_64\bin\msvcp140.dll
0x00007ff845860000 - 0x00007ff8465f7000 	c:\Users\dell\.vscode\extensions\redhat.java-1.46.0-win32-x64\jre\21.0.8-win32-x86_64\bin\server\jvm.dll
0x00007ff91c0a0000 - 0x00007ff91c154000 	C:\WINDOWS\System32\ADVAPI32.dll
0x00007ff91b780000 - 0x00007ff91b826000 	C:\WINDOWS\System32\sechost.dll
0x00007ff91a0b0000 - 0x00007ff91a1c8000 	C:\WINDOWS\System32\RPCRT4.dll
0x00007ff91bfb0000 - 0x00007ff91c024000 	C:\WINDOWS\System32\WS2_32.dll
0x00007ff9192d0000 - 0x00007ff91932e000 	C:\WINDOWS\SYSTEM32\POWRPROF.dll
0x00007ff906610000 - 0x00007ff906645000 	C:\WINDOWS\SYSTEM32\WINMM.dll
0x00007ff910470000 - 0x00007ff91047b000 	C:\WINDOWS\SYSTEM32\VERSION.dll
0x00007ff9192b0000 - 0x00007ff9192c4000 	C:\WINDOWS\SYSTEM32\UMPDC.dll
0x00007ff918200000 - 0x00007ff91821b000 	C:\WINDOWS\SYSTEM32\kernel.appcore.dll
0x00007ff9069e0000 - 0x00007ff9069ea000 	c:\Users\dell\.vscode\extensions\redhat.java-1.46.0-win32-x64\jre\21.0.8-win32-x86_64\bin\jimage.dll
0x00007ff916ce0000 - 0x00007ff916f22000 	C:\WINDOWS\SYSTEM32\DBGHELP.DLL
0x00007ff91b260000 - 0x00007ff91b5db000 	C:\WINDOWS\System32\combase.dll
0x00007ff91a880000 - 0x00007ff91a957000 	C:\WINDOWS\System32\OLEAUT32.dll
0x00007ff8fa8f0000 - 0x00007ff8fa92c000 	C:\WINDOWS\SYSTEM32\dbgcore.DLL
0x00007ff919e30000 - 0x00007ff919ec8000 	C:\WINDOWS\System32\bcryptPrimitives.dll
0x00007ff9069d0000 - 0x00007ff9069df000 	c:\Users\dell\.vscode\extensions\redhat.java-1.46.0-win32-x64\jre\21.0.8-win32-x86_64\bin\instrument.dll
0x00007ff8f75f0000 - 0x00007ff8f760f000 	c:\Users\dell\.vscode\extensions\redhat.java-1.46.0-win32-x64\jre\21.0.8-win32-x86_64\bin\java.dll
0x00007ff91b830000 - 0x00007ff91bf7d000 	C:\WINDOWS\System32\SHELL32.dll
0x00007ff919530000 - 0x00007ff91969b000 	C:\WINDOWS\System32\wintypes.dll
0x00007ff917080000 - 0x00007ff9178dd000 	C:\WINDOWS\SYSTEM32\windows.storage.dll
0x00007ff91a730000 - 0x00007ff91a822000 	C:\WINDOWS\System32\SHCORE.dll
0x00007ff91a580000 - 0x00007ff91a5e2000 	C:\WINDOWS\System32\shlwapi.dll
0x00007ff919390000 - 0x00007ff9193b9000 	C:\WINDOWS\SYSTEM32\profapi.dll
0x00007ff8f75d0000 - 0x00007ff8f75e8000 	c:\Users\dell\.vscode\extensions\redhat.java-1.46.0-win32-x64\jre\21.0.8-win32-x86_64\bin\zip.dll
0x00007ff906800000 - 0x00007ff906810000 	C:\Users\dell\.vscode\extensions\redhat.java-1.46.0-win32-x64\jre\21.0.8-win32-x86_64\bin\net.dll
0x00007ff911f10000 - 0x00007ff91202f000 	C:\WINDOWS\SYSTEM32\WINHTTP.dll
0x00007ff918750000 - 0x00007ff9187bb000 	C:\WINDOWS\system32\mswsock.dll
0x00007ff8e95c0000 - 0x00007ff8e95d6000 	C:\Users\dell\.vscode\extensions\redhat.java-1.46.0-win32-x64\jre\21.0.8-win32-x86_64\bin\nio.dll
0x00007ff906030000 - 0x00007ff906040000 	c:\Users\dell\.vscode\extensions\redhat.java-1.46.0-win32-x64\jre\21.0.8-win32-x86_64\bin\verify.dll
0x00007ff8efa40000 - 0x00007ff8efa84000 	C:\Users\dell\AppData\Roaming\Code\User\globalStorage\redhat.java\1.46.0\config_win\org.eclipse.equinox.launcher\org.eclipse.equinox.launcher.win32.win32.x86_64_1.2.1400.v20250801-0854\eclipse_11916.dll
0x00007ff91b5e0000 - 0x00007ff91b778000 	C:\WINDOWS\System32\ole32.dll
0x00007ff906000000 - 0x00007ff90600a000 	C:\Users\dell\.vscode\extensions\redhat.java-1.46.0-win32-x64\jre\21.0.8-win32-x86_64\bin\management.dll
0x00007ff8f76e0000 - 0x00007ff8f76eb000 	C:\Users\dell\.vscode\extensions\redhat.java-1.46.0-win32-x64\jre\21.0.8-win32-x86_64\bin\management_ext.dll
0x00007ff91a720000 - 0x00007ff91a728000 	C:\WINDOWS\System32\PSAPI.DLL
0x00007ff918b30000 - 0x00007ff918b4b000 	C:\WINDOWS\SYSTEM32\CRYPTSP.dll
0x00007ff918160000 - 0x00007ff91819b000 	C:\WINDOWS\system32\rsaenh.dll
0x00007ff9187f0000 - 0x00007ff91881b000 	C:\WINDOWS\SYSTEM32\USERENV.dll
0x00007ff919360000 - 0x00007ff919386000 	C:\WINDOWS\SYSTEM32\bcrypt.dll
0x00007ff918990000 - 0x00007ff91899c000 	C:\WINDOWS\SYSTEM32\CRYPTBASE.dll
0x00007ff917c00000 - 0x00007ff917c34000 	C:\WINDOWS\SYSTEM32\IPHLPAPI.DLL
0x00007ff91a840000 - 0x00007ff91a84a000 	C:\WINDOWS\System32\NSI.dll
0x00007ff8e75d0000 - 0x00007ff8e7619000 	C:\Users\dell\AppData\Local\Temp\jna-3079617\jna17236473189244893712.dll
0x00007ff9129a0000 - 0x00007ff9129be000 	C:\WINDOWS\SYSTEM32\dhcpcsvc6.DLL
0x00007ff9121c0000 - 0x00007ff9121e3000 	C:\WINDOWS\SYSTEM32\dhcpcsvc.DLL
0x00007ff8f2810000 - 0x00007ff8f281e000 	C:\Users\dell\.vscode\extensions\redhat.java-1.46.0-win32-x64\jre\21.0.8-win32-x86_64\bin\sunmscapi.dll
0x00007ff9196a0000 - 0x00007ff919817000 	C:\WINDOWS\System32\CRYPT32.dll
0x00007ff918c80000 - 0x00007ff918cb0000 	C:\WINDOWS\SYSTEM32\ncrypt.dll
0x00007ff918c30000 - 0x00007ff918c6f000 	C:\WINDOWS\SYSTEM32\NTASN1.dll
0x00007ff917c40000 - 0x00007ff917d66000 	C:\WINDOWS\SYSTEM32\DNSAPI.dll
0x00007ff910cc0000 - 0x00007ff910ccb000 	C:\Windows\System32\rasadhlp.dll
0x00007ff913040000 - 0x00007ff9130c6000 	C:\WINDOWS\System32\fwpuclnt.dll
0x00007ff8f2800000 - 0x00007ff8f2809000 	C:\Users\dell\.vscode\extensions\redhat.java-1.46.0-win32-x64\jre\21.0.8-win32-x86_64\bin\extnet.dll
0x00007ff883980000 - 0x00007ff883988000 	C:\WINDOWS\system32\wshunix.dll

JVMTI agents:
c:\Users\dell\.vscode\extensions\redhat.java-1.46.0-win32-x64\lombok\lombok-1.18.39-4050.jar path:c:\Users\dell\.vscode\extensions\redhat.java-1.46.0-win32-x64\jre\21.0.8-win32-x86_64\bin\instrument.dll, loaded, initialized, instrumentlib options:none

dbghelp: loaded successfully - version: 4.0.5 - missing functions: none
symbol engine: initialized successfully - sym options: 0x614 - pdb path: .;c:\Users\dell\.vscode\extensions\redhat.java-1.46.0-win32-x64\jre\21.0.8-win32-x86_64\bin;C:\WINDOWS\SYSTEM32;C:\WINDOWS\WinSxS\amd64_microsoft.windows.common-controls_6595b64144ccf1df_6.0.26100.6899_none_3e0efeeae32e88c1;c:\Users\dell\.vscode\extensions\redhat.java-1.46.0-win32-x64\jre\21.0.8-win32-x86_64\bin\server;C:\Users\dell\AppData\Roaming\Code\User\globalStorage\redhat.java\1.46.0\config_win\org.eclipse.equinox.launcher\org.eclipse.equinox.launcher.win32.win32.x86_64_1.2.1400.v20250801-0854;C:\Users\dell\AppData\Local\Temp\jna-3079617

VM Arguments:
jvm_args: --add-modules=ALL-SYSTEM --add-opens=java.base/java.util=ALL-UNNAMED --add-opens=java.base/java.lang=ALL-UNNAMED --add-opens=java.base/sun.nio.fs=ALL-UNNAMED -Declipse.application=org.eclipse.jdt.ls.core.id1 -Dosgi.bundles.defaultStartLevel=4 -Declipse.product=org.eclipse.jdt.ls.core.product -Djava.import.generatesMetadataFilesAtProjectRoot=false -DDetectVMInstallationsJob.disabled=true -Dfile.encoding=utf8 -XX:+UseParallelGC -XX:GCTimeRatio=4 -XX:AdaptiveSizePolicyWeight=90 -Dsun.zip.disableMemoryMapping=true -Xmx2G -Xms100m -Xlog:disable -javaagent:c:\Users\dell\.vscode\extensions\redhat.java-1.46.0-win32-x64\lombok\lombok-1.18.39-4050.jar -XX:+HeapDumpOnOutOfMemoryError -XX:HeapDumpPath=c:\Users\dell\AppData\Roaming\Code\User\workspaceStorage\a2633e6298ef981e4196ce54b3c42e0d\redhat.java -Daether.dependencyCollector.impl=bf 
java_command: c:\Users\dell\.vscode\extensions\redhat.java-1.46.0-win32-x64\server\plugins\org.eclipse.equinox.launcher_1.7.0.v20250519-0528.jar -configuration c:\Users\dell\AppData\Roaming\Code\User\globalStorage\redhat.java\1.46.0\config_win -data c:\Users\dell\AppData\Roaming\Code\User\workspaceStorage\a2633e6298ef981e4196ce54b3c42e0d\redhat.java\jdt_ws --pipe=\\.\pipe\lsp-94c4499b1dd3088b70ad2abafdbadde8-sock
java_class_path (initial): c:\Users\dell\.vscode\extensions\redhat.java-1.46.0-win32-x64\server\plugins\org.eclipse.equinox.launcher_1.7.0.v20250519-0528.jar
Launcher Type: SUN_STANDARD

[Global flags]
    uintx AdaptiveSizePolicyWeight                 = 90                                        {product} {command line}
     intx CICompilerCount                          = 4                                         {product} {ergonomic}
    uintx GCTimeRatio                              = 4                                         {product} {command line}
     bool HeapDumpOnOutOfMemoryError               = true                                   {manageable} {command line}
    ccstr HeapDumpPath                             = c:\Users\dell\AppData\Roaming\Code\User\workspaceStorage\a2633e6298ef981e4196ce54b3c42e0d\redhat.java         {manageable} {command line}
   size_t InitialHeapSize                          = 104857600                                 {product} {command line}
   size_t MaxHeapSize                              = 2147483648                                {product} {command line}
   size_t MaxNewSize                               = 715653120                                 {product} {ergonomic}
   size_t MinHeapDeltaBytes                        = 524288                                    {product} {ergonomic}
   size_t MinHeapSize                              = 104857600                                 {product} {command line}
   size_t NewSize                                  = 34603008                                  {product} {ergonomic}
    uintx NonNMethodCodeHeapSize                   = 5839372                                {pd product} {ergonomic}
    uintx NonProfiledCodeHeapSize                  = 122909434                              {pd product} {ergonomic}
   size_t OldSize                                  = 70254592                                  {product} {ergonomic}
    uintx ProfiledCodeHeapSize                     = 122909434                              {pd product} {ergonomic}
    uintx ReservedCodeCacheSize                    = 251658240                              {pd product} {ergonomic}
     bool SegmentedCodeCache                       = true                                      {product} {ergonomic}
   size_t SoftMaxHeapSize                          = 2147483648                             {manageable} {ergonomic}
     bool UseCompressedOops                        = true                           {product lp64_product} {ergonomic}
     bool UseLargePagesIndividualAllocation        = false                                  {pd product} {ergonomic}
     bool UseParallelGC                            = true                                      {product} {command line}

Logging:
Log output configuration:
 #0: stdout all=off uptime,level,tags foldmultilines=false
 #1: stderr all=off uptime,level,tags foldmultilines=false

Environment Variables:
PATH=C:\Program Files\Common Files\Oracle\Java\javapath;C:\Windows\system32;C:\Windows;C:\Windows\System32\Wbem;C:\Windows\System32\WindowsPowerShell\v1.0\;C:\Windows\System32\OpenSSH\;C:\Program Files (x86)\NVIDIA Corporation\PhysX\Common;C:\Program Files\dotnet\;C:\WINDOWS\system32;C:\WINDOWS;C:\WINDOWS\System32\Wbem;C:\WINDOWS\System32\WindowsPowerShell\v1.0\;C:\WINDOWS\System32\OpenSSH\;C:\msys64\mingw64\bin;C:\Program Files\Git\cmd;C:\Program Files (x86)\Windows Kits\10\Windows Performance Toolkit\;C:\Program Files (x86)\Microsoft SQL Server\160\Tools\Binn\;C:\Program Files\Microsoft SQL Server\160\Tools\Binn\;C:\Program Files\Microsoft SQL Server\Client SDK\ODBC\170\Tools\Binn\;C:\Program Files\Microsoft SQL Server\160\DTS\Binn\;C:\Program Files (x86)\Microsoft SQL Server\160\DTS\Binn\;C:\Program Files\Azure Data Studio\bin;D:\bin;C:\Users\dell\anaconda3\condabin;C:\Users\dell\anaconda3\condabin\conda.bat;C:\Users\dell\.cargo\bin;C:\msys64\ucrt64\bin;C:\Users\dell\AppData\Local\Programs\Microsoft VS Code\bin;C:\Program Files\Azure Data Studio\bin;C:\Users\dell\AppData\Local\Microsoft\WindowsApps;
USERNAME=dell
OS=Windows_NT
PROCESSOR_IDENTIFIER=Intel64 Family 6 Model 158 Stepping 10, GenuineIntel
TMP=C:\Users\dell\AppData\Local\Temp
TEMP=C:\Users\dell\AppData\Local\Temp




Periodic native trim disabled

---------------  S Y S T E M  ---------------

OS:
 Windows 11 , 64 bit Build 26100 (10.0.26100.6725)
OS uptime: 7 days 6:01 hours
Hyper-V role detected

CPU: total 12 (initial active 12) (6 cores per cpu, 2 threads per core) family 6 model 158 stepping 10 microcode 0xf0, cx8, cmov, fxsr, ht, mmx, 3dnowpref, sse, sse2, sse3, ssse3, sse4.1, sse4.2, popcnt, lzcnt, tsc, tscinvbit, avx, avx2, aes, erms, clmul, bmi1, bmi2, rtm, adx, fma, vzeroupper, clflush, clflushopt, hv, rdtscp, f16c
Processor Information for the first 12 processors :
  Max Mhz: 2592, Current Mhz: 2592, Mhz Limit: 2592

Memory: 4k page, system-wide physical 16094M (1343M free)
TotalPageFile size 23647M (AvailPageFile size 6M)
current process WorkingSet (physical memory assigned to process): 944M, peak: 965M
current process commit charge ("private bytes"): 976M, peak: 984M

vm_info: OpenJDK 64-Bit Server VM (21.0.8+9-LTS) for windows-amd64 JRE (21.0.8+9-LTS), built on 2025-07-15T00:00:00Z by "admin" with MS VC++ 17.7 (VS2022)

END.
